<?xml version="1.0" encoding="utf-8"?><testsuites name="pytest tests"><testsuite name="pytest" errors="0" failures="0" skipped="3" tests="943" time="61.830" timestamp="2026-07-20T15:37:01.089473+00:00" hostname="6ea7155e004e"><testcase classname="" name="tests.test_rag_worldbuilding" time="0.000"><skipped message="collection skipped">('/app/tests/test_rag_worldbuilding.py', 5, "Skipped: could not import 'chromadb': No module named 'chromadb'")</skipped></testcase><testcase classname="tests.agents.test_agent_executor" name="test_parallel_execution_dependency_order_and_measured_budget" time="0.327" /><testcase classname="tests.agents.test_agent_executor" name="test_parallel_claim_respects_semaphore" time="0.512" /><testcase classname="tests.agents.test_agent_executor" name="test_artifact_schema_rejection_fails_task_but_run_continues" time="0.220" /><testcase classname="tests.agents.test_agent_executor" name="test_malformed_output_retries_then_task_fails" time="0.221" /><testcase classname="tests.agents.test_agent_executor" name="test_fault_provider_timeout_still_raises" time="0.159" /><testcase classname="tests.agents.test_agent_executor" name="test_fault_malformed_json_still_raises" time="0.155" /><testcase classname="tests.agents.test_agent_executor" name="test_fault_budget_exhaustion_stays_durable" time="0.165" /><testcase classname="tests.agents.test_agent_executor" name="test_missing_credential_fails_run_without_crash" time="0.166" /><testcase classname="tests.agents.test_artifact_memory" name="test_artifact_checksum_and_scoped_memory" time="0.001" /><testcase classname="tests.agents.test_checkpoint_parallel" name="test_checkpoint_and_bounded_parallelism" time="0.001" /><testcase classname="tests.agents.test_chief_approval" name="test_chief_approval_is_user_bound_and_idempotent" time="0.001" /><testcase classname="tests.agents.test_chief_handler" name="test_chief_creates_merge_candidate_and_approvable_proposal" time="0.307" /><testcase classname="tests.agents.test_chief_handler" name="test_chief_blocks_proposal_on_unresolved_conflict" time="0.291" /><testcase classname="tests.agents.test_chief_handler" name="test_chief_without_chapter_produces_only_merge_candidate" time="0.201" /><testcase classname="tests.agents.test_chief_handler" name="test_chief_falls_back_to_candidate_summary_when_model_unusable" time="0.221" /><testcase classname="tests.agents.test_chief_handler" name="test_chief_proposal_endpoint_contract" time="0.304" /><testcase classname="tests.agents.test_evaluation" name="test_evaluation_is_reproducible_and_rejects_missing_evidence" time="0.001" /><testcase classname="tests.agents.test_expand_graph_runtime" name="test_happy_path_has_no_violations" time="0.001" /><testcase classname="tests.agents.test_expand_graph_runtime" name="test_parent_must_exist_and_be_terminal_succeeded" time="0.001" /><testcase classname="tests.agents.test_expand_graph_runtime" name="test_unknown_child_role_rejected" time="0.001" /><testcase classname="tests.agents.test_expand_graph_runtime" name="test_depth_limit_stops_expansion" time="0.001" /><testcase classname="tests.agents.test_expand_graph_runtime" name="test_fanout_limit_counts_existing_children" time="0.001" /><testcase classname="tests.agents.test_expand_graph_runtime" name="test_remaining_budget_must_cover_children" time="0.001" /><testcase classname="tests.agents.test_expand_graph_runtime" name="test_dedupe_key_and_reason_are_once_per_run" time="0.001" /><testcase classname="tests.agents.test_expand_graph_runtime" name="test_role_max_children_policy_applies" time="0.001" /><testcase classname="tests.agents.test_expand_graph_runtime" name="test_duplicate_and_missing_dependency_keys_rejected" time="0.001" /><testcase classname="tests.agents.test_expand_graph_runtime" name="test_node_limit_stops_expansion" time="0.001" /><testcase classname="tests.agents.test_expand_graph_runtime" name="test_graph_hash_is_deterministic" time="0.001" /><testcase classname="tests.agents.test_expand_graph_runtime" name="test_task_views_from_persisted_rows_validate" time="0.119" /><testcase classname="tests.agents.test_memory_service" name="test_propose_writes_pending_candidate_with_confidence_and_revision" time="0.154" /><testcase classname="tests.agents.test_memory_service" name="test_decide_flips_status_and_list_filters" time="0.215" /><testcase classname="tests.agents.test_memory_service" name="test_load_memory_slice_scopes_accepted_run_and_project_wide" time="0.236" /><testcase classname="tests.agents.test_memory_service" name="test_load_memory_slice_is_bounded" time="0.487" /><testcase classname="tests.agents.test_memory_service" name="test_activate_memory_fact_is_denied_for_every_role" time="0.001" /><testcase classname="tests.agents.test_orchestrator_port" name="test_local_orchestrator_is_idempotent_and_replays_events" time="0.001" /><testcase classname="tests.agents.test_policy_failclosed" name="test_unlisted_capability_is_denied_for_every_role" time="0.001" /><testcase classname="tests.agents.test_policy_failclosed" name="test_reviewer_cannot_activate_memory_fact" time="0.001" /><testcase classname="tests.agents.test_policy_failclosed" name="test_no_role_can_create_chapter_version_not_even_chief_editor" time="0.001" /><testcase classname="tests.agents.test_policy_failclosed" name="test_only_chief_editor_creates_revision_proposal" time="0.001" /><testcase classname="tests.agents.test_policy_failclosed" name="test_external_tools_denied_unless_policy_lists_tools" time="0.001" /><testcase classname="tests.agents.test_policy_failclosed" name="test_read_facts_and_create_artifact_are_granted" time="0.001" /><testcase classname="tests.agents.test_policy_failclosed" name="test_role_cannot_elevate_itself_beyond_max_children" time="0.001" /><testcase classname="tests.agents.test_policy_failclosed" name="test_policy_version_defaults_to_v3_and_mismatch_is_denied" time="0.001" /><testcase classname="tests.agents.test_policy_failclosed" name="test_snapshot_is_canonical_versioned_and_signed" time="0.001" /><testcase classname="tests.agents.test_policy_failclosed" name="test_snapshot_verify_rejects_tampering_and_wrong_key" time="0.001" /><testcase classname="tests.agents.test_policy_failclosed" name="test_master_key_base64_and_plaintext_fallback_both_verify" time="0.001" /><testcase classname="tests.agents.test_review_handlers" name="test_reviewer_persists_reviews_with_evidence_and_events" time="0.359" /><testcase classname="tests.agents.test_review_handlers" name="test_conflicting_reviewers_share_conflict_group" time="0.237" /><testcase classname="tests.agents.test_review_handlers" name="test_findings_without_evidence_become_unsupported" time="0.225" /><testcase classname="tests.agents.test_review_handlers" name="test_policy_denial_fails_task_without_retry" time="0.206" /><testcase classname="tests.agents.test_review_handlers" name="test_merge_editor_categorizes_stored_reviews" time="0.202" /><testcase classname="tests.agents.test_review_swarm" name="test_review_conflicts_are_retained_and_chief_only_proposes" time="0.001" /><testcase classname="tests.agents.test_role_handlers" name="test_artifact_contract_covers_ten_types" time="0.000" /><testcase classname="tests.agents.test_role_handlers" name="test_role_allowlist_comes_from_domain_policy" time="0.000" /><testcase classname="tests.agents.test_role_handlers" name="test_register_role_overrides_default_and_restores" time="0.000" /><testcase classname="tests.agents.test_role_handlers" name="test_default_handler_parses_json_and_reports_usage" time="0.001" /><testcase classname="tests.agents.test_role_handlers" name="test_default_handler_raises_on_non_json_output" time="0.001" /><testcase classname="tests.agents.test_role_policy" name="test_roles_cannot_write_versions_or_self_elevate" time="0.001" /><testcase classname="tests.agents.test_security" name="test_tool_policy_fails_closed_and_redacts_secrets" time="0.001" /><testcase classname="tests.agents.test_task_graph" name="test_graph_validates_order_and_rejects_cycles" time="0.001" /><testcase classname="tests.api.test_agent_endpoints" name="test_pause_resume_cancel_transitions" time="0.602" /><testcase classname="tests.api.test_agent_endpoints" name="test_events_after_cursor_replay" time="0.051" /><testcase classname="tests.api.test_agent_endpoints" name="test_artifacts_create_and_list" time="0.046" /><testcase classname="tests.api.test_agent_endpoints" name="test_reviews_create_list_and_validation" time="0.070" /><testcase classname="tests.api.test_agent_endpoints" name="test_chief_proposal_requires_completed_run" time="0.136" /><testcase classname="tests.api.test_agent_endpoints" name="test_expand_happy_path_and_violations" time="0.300" /><testcase classname="tests.api.test_agent_endpoints" name="test_accept_endpoint_flips_memory_candidate" time="0.133" /><testcase classname="tests.api.test_agent_endpoints" name="test_metrics_reports_counts_without_content" time="0.031" /><testcase classname="tests.api.test_agent_endpoints" name="test_create_run_validates_graph_budget_and_ownership" time="0.024" /><testcase classname="tests.api.test_agent_endpoints" name="test_cross_user_isolation_returns_404" time="0.110" /><testcase classname="tests.api.test_agent_security" name="test_run_creation_writes_signed_policy_snapshot" time="0.352" /><testcase classname="tests.api.test_agent_security" name="test_failed_run_can_only_be_retried_not_resumed" time="0.243" /><testcase classname="tests.api.test_agent_security" name="test_control_rejects_tampered_policy_snapshot" time="0.275" /><testcase classname="tests.api.test_agent_security" name="test_run_concurrency_limit" time="0.334" /><testcase classname="tests.api.test_agent_security" name="test_idempotency_key_replays_same_run" time="0.271" /><testcase classname="tests.api.test_agent_security" name="test_agent_rate_limit_returns_429_envelope_for_excess_writes" time="0.266" /><testcase classname="tests.api.test_agent_security" name="test_agent_rate_limit_separates_read_and_write_buckets" time="0.350" /><testcase classname="tests.api.test_agent_security" name="test_agent_rate_limit_does_not_touch_v1_or_v2" time="0.160" /><testcase classname="tests.api.test_conversation_branches" name="test_edit_keeps_original_message_content" time="0.176" /><testcase classname="tests.api.test_conversation_branches" name="test_edit_creates_branch_with_single_parent_edge" time="0.149" /><testcase classname="tests.api.test_conversation_branches" name="test_cross_user_access_returns_404" time="0.417" /><testcase classname="tests.api.test_conversation_branches" name="test_duplicate_client_request_id_is_idempotent" time="0.154" /><testcase classname="tests.api.test_conversation_branches" name="test_reconnect_with_last_event_id_does_not_duplicate_deltas" time="0.171" /><testcase classname="tests.api.test_conversation_branches" name="test_sse_stream_emits_heartbeat_comments" time="1.167" /><testcase classname="tests.api.test_conversation_branches" name="test_regenerate_keeps_both_candidates" time="0.148" /><testcase classname="tests.api.test_conversation_branches" name="test_v2_send_rejects_unsupported_reasoning_level" time="0.116" /><testcase classname="tests.api.test_conversation_branches" name="test_v2_send_rejects_unknown_reasoning_level" time="0.120" /><testcase classname="tests.api.test_conversation_branches" name="test_tree_entries_carry_attempt_and_parent_and_regenerate_increments" time="0.157" /><testcase classname="tests.api.test_conversation_branches" name="test_compare_returns_common_prefix_and_message_level_diffs" time="0.187" /><testcase classname="tests.api.test_conversation_branches" name="test_archived_branch_hidden_by_default_and_visible_with_include_archived" time="0.165" /><testcase classname="tests.api.test_conversation_branches" name="test_cross_user_branch_tree_compare_and_archive_return_404" time="0.384" /><testcase classname="tests.api.test_conversation_branches" name="test_v1_send_tolerates_reasoning_level" time="0.123" /><testcase classname="tests.api.test_conversations" name="test_conversation_routes_require_authentication" time="0.053" /><testcase classname="tests.api.test_conversations" name="test_event_stream_encoder_has_reconnect_headers" time="0.049" /><testcase classname="tests.api.test_correlation_id" name="test_api_returns_a_safe_correlation_id_without_logging_payloads" time="0.008" /><testcase classname="tests.api.test_export_manifests" name="test_export_resolves_active_version_and_persists_reproducible_manifest" time="0.153" /><testcase classname="tests.api.test_export_manifests" name="test_export_presets_produce_distinct_verifiable_hashes" time="0.156" /><testcase classname="tests.api.test_export_manifests" name="test_export_rejects_multiple_versions_of_the_same_chapter" time="0.159" /><testcase classname="tests.api.test_health" name="test_liveness_is_available" time="0.009" /><testcase classname="tests.api.test_health" name="test_readiness_reports_storage_checks" time="0.012" /><testcase classname="tests.api.test_health" name="test_logout_clears_session_cookie_without_database_access" time="0.023" /><testcase classname="tests.api.test_lifecycle_wiring" name="test_create_app_exposes_runtime_lifecycle_not_ready_before_startup" time="0.005" /><testcase classname="tests.api.test_maintenance" name="test_maintenance_recovery_requires_authentication" time="0.142" /><testcase classname="tests.api.test_maintenance" name="test_blob_verification_requires_authentication" time="0.327" /><testcase classname="tests.api.test_model_capabilities" name="test_models_endpoint_lists_catalog_with_context_window" time="0.187" /><testcase classname="tests.api.test_model_capabilities" name="test_capabilities_endpoint_returns_reasoning_parameter" time="0.190" /><testcase classname="tests.api.test_model_capabilities" name="test_validate_maps_provider_specific_reasoning_parameters" time="0.190" /><testcase classname="tests.api.test_model_capabilities" name="test_validate_rejects_unsupported_level_with_supported_list" time="0.159" /><testcase classname="tests.api.test_model_capabilities" name="test_validate_rejects_unknown_level_with_supported_list" time="0.162" /><testcase classname="tests.api.test_model_capabilities" name="test_validate_warnings_are_redacted" time="0.153" /><testcase classname="tests.api.test_model_capabilities" name="test_validate_probe_false_never_calls_provider" time="0.163" /><testcase classname="tests.api.test_model_capabilities" name="test_context_route_uses_catalog_window_for_requested_model" time="0.183" /><testcase classname="tests.api.test_model_capabilities" name="test_context_route_unknown_model_falls_back_and_records_source" time="0.112" /><testcase classname="tests.api.test_model_capabilities" name="test_context_route_without_model_uses_catalog_default" time="0.118" /><testcase classname="tests.api.test_model_capabilities" name="test_context_route_rejects_partial_model_params" time="0.116" /><testcase classname="tests.api.test_projects" name="test_project_routes_require_authentication" time="0.044" /><testcase classname="tests.api.test_projects" name="test_project_response_does_not_expose_owner_id" time="0.001" /><testcase classname="tests.api.test_providers" name="test_provider_catalog_requires_authentication" time="0.059" /><testcase classname="tests.api.test_reviews_revisions" name="test_approval_is_idempotent_and_creates_one_version" time="0.160" /><testcase classname="tests.api.test_reviews_revisions" name="test_approval_rejects_stale_base_with_current_version" time="0.142" /><testcase classname="tests.api.test_reviews_revisions" name="test_partial_hunk_acceptance_preserves_rejected_text" time="0.150" /><testcase classname="tests.api.test_reviews_revisions" name="test_blocking_guard_refuses_approval" time="0.187" /><testcase classname="tests.api.test_reviews_revisions" name="test_review_report_persists_findings_and_evidence" time="0.142" /><testcase classname="tests.api.test_runtime" name="test_runtime_info_returns_200_with_seven_keys" time="0.136" /><testcase classname="tests.api.test_runtime" name="test_runtime_info_values_match_runtime_state" time="0.138" /><testcase classname="tests.api.test_runtime" name="test_runtime_info_never_leaks_absolute_paths_or_credentials" time="0.134" /><testcase classname="tests.api.test_selection_actions" name="test_selection_action_creates_proposal_without_changing_active_chapter" time="0.152" /><testcase classname="tests.api.test_selection_actions" name="test_continue_creates_one_proposal_per_requested_candidate" time="0.130" /><testcase classname="tests.api.test_selection_actions" name="test_review_selection_creates_a_report_not_a_proposal" time="0.132" /><testcase classname="tests.api.test_selection_actions" name="test_selection_action_rejects_stale_hash_or_base_version[hash]" time="0.135" /><testcase classname="tests.api.test_selection_actions" name="test_selection_action_rejects_stale_hash_or_base_version[base]" time="0.175" /><testcase classname="tests.api.test_sse_reconnect" name="test_sse_encoder_keeps_event_id" time="0.001" /><testcase classname="tests.api.test_sse_reconnect" name="test_inmemory_subscribe_live_tail_receives_new_events_until_terminal" time="0.104" /><testcase classname="tests.api.test_sse_reconnect" name="test_inmemory_subscribe_stops_at_terminal_event_during_replay" time="0.001" /><testcase classname="tests.api.test_sse_reconnect" name="test_database_subscribe_live_tail_on_sqlite" time="0.149" /><testcase classname="tests.api.test_static_web" name="test_native_web_serves_runtime_config_and_spa_without_exposing_secrets" time="0.214" /><testcase classname="tests.api.test_static_web" name="test_api_paths_are_not_captured_by_spa_fallback" time="0.011" /><testcase classname="tests.api.test_story_bible" name="test_authenticated_user_can_create_and_list_story_bible_entries" time="0.379" /><testcase classname="tests.api.test_story_bible" name="test_story_bible_entries_return_404_to_foreign_user" time="0.339" /><testcase classname="tests.api.test_story_bible" name="test_story_bible_patch_rejects_stale_expected_version" time="0.125" /><testcase classname="tests.api.test_story_bible" name="test_promise_cannot_leave_terminal_state_and_reports_allowed_transitions" time="0.131" /><testcase classname="tests.api.test_story_bible" name="test_context_preview_injects_only_pinned_or_triggered_facts" time="0.130" /><testcase classname="tests.api.test_usage" name="test_usage_routes_require_authentication" time="0.136" /><testcase classname="tests.api.test_workflow_definitions" name="test_workflow_v2_endpoints_require_authentication" time="0.087" /><testcase classname="tests.api.test_workflow_definitions" name="test_workflow_definition_crud_creates_immutable_revisions" time="0.155" /><testcase classname="tests.api.test_workflow_definitions" name="test_workflow_definition_rejects_invalid_graphs[cycle]" time="0.109" /><testcase classname="tests.api.test_workflow_definitions" name="test_workflow_definition_rejects_invalid_graphs[unknown-kind]" time="0.118" /><testcase classname="tests.api.test_workflow_definitions" name="test_workflow_definition_rejects_invalid_graphs[dangling-edge]" time="0.116" /><testcase classname="tests.api.test_workflow_definitions" name="test_workflow_definition_rejects_invalid_graphs[self-loop]" time="0.117" /><testcase classname="tests.api.test_workflow_definitions" name="test_workflow_definition_rejects_invalid_graphs[duplicate-node]" time="0.120" /><testcase classname="tests.api.test_workflow_definitions" name="test_workflow_definition_name_conflict_and_ownership_are_enforced" time="0.129" /><testcase classname="tests.api.test_workflow_definitions" name="test_start_run_pins_definition_revision_and_returns_refresh_snapshot" time="0.185" /><testcase classname="tests.api.test_workflow_definitions" name="test_control_requires_key_replays_same_key_and_rejects_competing_key" time="0.156" /><testcase classname="tests.api.test_workflow_definitions" name="test_two_competing_pause_commands_have_exactly_one_winner" time="0.187" /><testcase classname="tests.api.test_workflow_definitions" name="test_retry_resumes_failed_node_from_checkpoint_and_increments_retry_count" time="0.173" /><testcase classname="tests.api.test_workflow_definitions" name="test_budget_blocked_run_does_not_create_a_chapter_version" time="0.158" /><testcase classname="tests.api.test_workflow_definitions" name="test_sse_replays_after_snapshot_cursor_and_finishes_with_persisted_terminal" time="0.169" /><testcase classname="tests.api.test_workflow_requeue" name="test_workflow_controls_require_authentication" time="0.063" /><testcase classname="tests.architecture.test_external_agent_surfaces_removed" name="test_external_agent_surfaces_are_removed" time="0.001" /><testcase classname="tests.architecture.test_forbidden_paths" name="test_runtime_sources_have_no_direct_plugin_imports" time="0.032" /><testcase classname="tests.architecture.test_import_boundaries" name="test_domain_does_not_import_infrastructure_frameworks" time="0.053" /><testcase classname="tests.architecture.test_import_boundaries" name="test_only_legacy_engine_may_import_src" time="0.351" /><testcase classname="tests.cli.test_doctor" name="test_doctor_report_is_redacted_and_stable" time="0.002" /><testcase classname="tests.cli.test_doctor" name="test_doctor_json_cli" time="0.004" /><testcase classname="tests.cli.test_doctor" name="test_doctor_defaults_to_native_without_server_indicators" time="0.002" /><testcase classname="tests.cli.test_doctor" name="test_doctor_infers_server_from_database_url" time="0.001" /><testcase classname="tests.cli.test_doctor" name="test_doctor_survives_uncreatable_data_dir" time="0.002" /><testcase classname="tests.cli.test_doctor" name="test_backup_create_json_cli" time="0.007" /><testcase classname="tests.cli.test_doctor" name="test_backup_verify_rejects_corrupted_archive" time="0.007" /><testcase classname="tests.cli.test_web_command" name="test_run_web_assembles_native_env" time="0.031" /><testcase classname="tests.cli.test_web_command" name="test_run_web_preserves_user_env" time="0.003" /><testcase classname="tests.cli.test_web_command" name="test_run_web_preserves_user_public_url" time="0.003" /><testcase classname="tests.cli.test_web_command" name="test_run_web_generates_then_reuses_keys" time="0.003" /><testcase classname="tests.cli.test_web_command" name="test_run_web_enables_serve_web_when_frontend_found" time="0.002" /><testcase classname="tests.cli.test_web_command" name="test_run_web_frontend_dir_flag_beats_locate" time="0.002" /><testcase classname="tests.cli.test_web_command" name="test_run_web_warns_when_frontend_missing" time="0.002" /><testcase classname="tests.cli.test_web_command" name="test_run_web_configures_uvicorn" time="0.003" /><testcase classname="tests.cli.test_web_command" name="test_cli_web_forwards_arguments" time="0.003" /><testcase classname="tests.contract.providers.test_chat_completions_providers" name="test_chat_provider_contract_preserves_unknown_models_and_streams[BaiduProvider]" time="0.025" /><testcase classname="tests.contract.providers.test_chat_completions_providers" name="test_chat_provider_contract_preserves_unknown_models_and_streams[DashScopeProvider]" time="0.020" /><testcase classname="tests.contract.providers.test_chat_completions_providers" name="test_chat_provider_contract_preserves_unknown_models_and_streams[DeepSeekProvider]" time="0.021" /><testcase classname="tests.contract.providers.test_chat_completions_providers" name="test_chat_provider_contract_preserves_unknown_models_and_streams[KimiProvider]" time="0.020" /><testcase classname="tests.contract.providers.test_chat_completions_providers" name="test_chat_provider_contract_preserves_unknown_models_and_streams[MiniMaxProvider]" time="0.020" /><testcase classname="tests.contract.providers.test_chat_completions_providers" name="test_chat_provider_contract_preserves_unknown_models_and_streams[MistralProvider]" time="0.020" /><testcase classname="tests.contract.providers.test_chat_completions_providers" name="test_chat_provider_contract_preserves_unknown_models_and_streams[TencentProvider]" time="0.020" /><testcase classname="tests.contract.providers.test_chat_completions_providers" name="test_chat_provider_contract_preserves_unknown_models_and_streams[VolcEngineProvider]" time="0.020" /><testcase classname="tests.contract.providers.test_chat_completions_providers" name="test_chat_provider_contract_preserves_unknown_models_and_streams[XAIProvider]" time="0.020" /><testcase classname="tests.contract.providers.test_chat_completions_providers" name="test_chat_provider_contract_preserves_unknown_models_and_streams[ZhipuProvider]" time="0.020" /><testcase classname="tests.contract.providers.test_cohere_provider" name="test_cohere_native_v2_models_and_event_sse" time="0.020" /><testcase classname="tests.contract.providers.test_native_provider_contracts" name="test_anthropic_uses_messages_api_headers_and_sse" time="0.021" /><testcase classname="tests.contract.providers.test_native_provider_contracts" name="test_google_uses_gemini_streaming_endpoint_and_api_key_header" time="0.021" /><testcase classname="tests.contract.providers.test_ollama_provider" name="test_ollama_native_tags_and_ndjson_chat" time="0.020" /><testcase classname="tests.contract.providers.test_openai_provider" name="test_openai_models_preserve_unknown_ids" time="0.010" /><testcase classname="tests.contract.providers.test_openai_provider" name="test_openai_response_stream_normalizes_events" time="0.010" /><testcase classname="tests.contract.providers.test_provider_family" name="test_provider_ids_are_explicit_and_local_defaults_are_container_names" time="0.000" /><testcase classname="tests.contract.providers.test_reasoning_mapping" name="test_openai_reasoning_effort_maps_levels_to_effort_words" time="0.001" /><testcase classname="tests.contract.providers.test_reasoning_mapping" name="test_openai_max_clamps_to_high_and_records_warning" time="0.000" /><testcase classname="tests.contract.providers.test_reasoning_mapping" name="test_anthropic_thinking_maps_to_budget_tokens" time="0.000" /><testcase classname="tests.contract.providers.test_reasoning_mapping" name="test_anthropic_max_budget_stays_strictly_below_max_tokens" time="0.000" /><testcase classname="tests.contract.providers.test_reasoning_mapping" name="test_anthropic_standard_budget_hits_provider_minimum_and_stays_valid" time="0.000" /><testcase classname="tests.contract.providers.test_reasoning_mapping" name="test_anthropic_thinking_disabled_when_max_output_below_provider_minimum" time="0.000" /><testcase classname="tests.contract.providers.test_reasoning_mapping" name="test_google_thinking_budget_maps_to_integer_tokens" time="0.000" /><testcase classname="tests.contract.providers.test_reasoning_mapping" name="test_unknown_parameter_passes_strength_through" time="0.000" /><testcase classname="tests.contract.providers.test_reasoning_mapping" name="test_auto_never_claims_a_provider_parameter" time="0.000" /><testcase classname="tests.contract.providers.test_reasoning_mapping" name="test_unsupported_level_raises_instead_of_silent_downgrade" time="0.001" /><testcase classname="tests.contract.providers.test_reasoning_mapping" name="test_openai_wire_payload_carries_reasoning_effort" time="0.011" /><testcase classname="tests.contract.providers.test_reasoning_mapping" name="test_openai_wire_payload_passes_unknown_reasoning_keys_through_flat" time="0.011" /><testcase classname="tests.contract.providers.test_reasoning_mapping" name="test_openai_wire_payload_omits_reasoning_when_none" time="0.011" /><testcase classname="tests.contract.providers.test_reasoning_mapping" name="test_anthropic_wire_payload_carries_thinking" time="0.012" /><testcase classname="tests.contract.providers.test_reasoning_mapping" name="test_anthropic_wire_payload_omits_thinking_when_none" time="0.011" /><testcase classname="tests.contract.providers.test_reasoning_mapping" name="test_google_wire_payload_carries_thinking_budget" time="0.011" /><testcase classname="tests.contract.providers.test_reasoning_mapping" name="test_google_wire_payload_omits_thinking_budget_when_none" time="0.011" /><testcase classname="tests.contract.providers.test_reasoning_mapping" name="test_google_wire_payload_passes_unknown_reasoning_keys_through_flat" time="0.011" /><testcase classname="tests.contract.providers.test_usage_normalization" name="test_google_usage_metadata_maps_to_common_usage_delta" time="0.001" /><testcase classname="tests.contract.providers.test_usage_normalization" name="test_missing_usage_is_explicitly_estimated" time="0.000" /><testcase classname="tests.contract.providers.test_usage_normalization" name="test_provider_response_without_any_usage_is_missing_not_provider" time="0.000" /><testcase classname="tests.contract.providers.test_usage_normalization" name="test_empty_usage_dict_is_missing_not_provider" time="0.000" /><testcase classname="tests.contract.providers.test_usage_normalization" name="test_ollama_without_eval_counters_is_missing" time="0.000" /><testcase classname="tests.contract.providers.test_usage_normalization" name="test_ollama_eval_counters_are_provider_usage" time="0.000" /><testcase classname="tests.contract.providers.test_usage_normalization" name="test_google_without_usage_metadata_is_missing" time="0.000" /><testcase classname="tests.contract.providers.test_usage_normalization" name="test_estimated_stays_estimated_even_without_usage" time="0.000" /><testcase classname="tests.database.test_postgres_compatibility" name="test_postgresql_dialect_capabilities" time="0.001" /><testcase classname="tests.database.test_postgres_compatibility" name="test_sqlite_dialect_capabilities" time="0.000" /><testcase classname="tests.database.test_postgres_compatibility" name="test_unknown_dialect_capabilities_raise" time="0.001" /><testcase classname="tests.database.test_postgres_compatibility" name="test_server_profile_engine_shape_unchanged" time="0.003" /><testcase classname="tests.database.test_postgres_compatibility" name="test_server_profile_against_live_postgres" time="0.045" /><testcase classname="tests.database.test_sqlite_bootstrap" name="test_create_sqlite_engine_applies_and_asserts_pragmas" time="0.018" /><testcase classname="tests.database.test_sqlite_bootstrap" name="test_create_sqlite_engine_creates_parent_directories" time="0.002" /><testcase classname="tests.database.test_sqlite_bootstrap" name="test_alembic_upgrade_head_builds_full_schema_on_fresh_file" time="1.011" /><testcase classname="tests.database.test_sqlite_bootstrap" name="test_restart_after_bootstrap_keeps_data" time="1.008" /><testcase classname="tests.database.test_sqlite_repositories" name="test_project_create_get_and_list" time="1.014" /><testcase classname="tests.database.test_sqlite_repositories" name="test_chapter_create_list_and_append_versions" time="1.072" /><testcase classname="tests.database.test_sqlite_repositories" name="test_uow_rolls_back_uncommitted_changes" time="0.994" /><testcase classname="tests.docker.test_compose_contract" name="test_required_services_exist" time="0.009" /><testcase classname="tests.docker.test_compose_contract" name="test_required_named_volumes_exist" time="0.009" /><testcase classname="tests.docker.test_runtime_contract" name="test_runtime_images_drop_root_and_healthchecks_are_present" time="0.009" /><testcase classname="tests.docker.test_runtime_contract" name="test_nginx_keeps_sse_unbuffered" time="0.001" /><testcase classname="tests.evaluation.test_rubric" name="test_fixture_hashes_reproduce" time="0.001" /><testcase classname="tests.evaluation.test_rubric" name="test_rubric_scores_within_expected_bounds" time="0.002" /><testcase classname="tests.evaluation.test_rubric" name="test_model_scores_are_advisory_only" time="0.001" /><testcase classname="tests.evaluation.test_rubric" name="test_fact_matcher_finds_only_real_contradictions" time="0.001" /><testcase classname="tests.evaluation.test_rubric" name="test_unmotivated_turns_need_causal_support" time="0.001" /><testcase classname="tests.evaluation.test_rubric" name="test_review_share_and_cliche_and_cost_bands" time="0.001" /><testcase classname="tests.evaluation.test_rubric" name="test_pacing_hook_bonus" time="0.001" /><testcase classname="tests.fault_injection.test_readiness_dependencies" name="test_readiness_is_503_when_database_and_redis_are_unavailable" time="0.004" /><testcase classname="tests.integration.context.test_compaction" name="test_compaction_preserves_original_blocks_and_source_references" time="0.001" /><testcase classname="tests.integration.context.test_compaction" name="test_invalid_summary_blocks_compaction_validation" time="0.001" /><testcase classname="tests.integration.context.test_context_compiler" name="test_pinned_canon_survives_before_optional_references" time="0.001" /><testcase classname="tests.integration.context.test_snapshot_pins_facts" name="test_snapshot_is_reproducible_and_linked_from_generation_message" time="0.149" /><testcase classname="tests.integration.conversations.test_branch_tree_semantics" name="test_send_links_assistant_to_user_message_and_regenerate_increments_attempts" time="0.717" /><testcase classname="tests.integration.conversations.test_branch_tree_semantics" name="test_list_branches_excludes_archived_by_default" time="0.101" /><testcase classname="tests.integration.conversations.test_branch_tree_semantics" name="test_compare_returns_common_prefix_and_message_level_tails" time="0.095" /><testcase classname="tests.integration.conversations.test_cancel_race" name="test_cancelled_before_stream_writes_no_late_chunk" time="0.001" /><testcase classname="tests.integration.conversations.test_history_sent_to_provider" name="test_full_branch_history_is_sent_to_provider" time="0.282" /><testcase classname="tests.integration.conversations.test_history_sent_to_provider" name="test_unknown_model_uses_conservative_fallback" time="0.468" /><testcase classname="tests.integration.conversations.test_history_sent_to_provider" name="test_partial_resume_sends_partial_content_exactly_once" time="0.284" /><testcase classname="tests.integration.conversations.test_history_sent_to_provider" name="test_provider_not_configured_publishes_terminal_failed_event" time="0.299" /><testcase classname="tests.integration.conversations.test_history_sent_to_provider" name="test_provider_not_supported_publishes_terminal_failed_event" time="0.320" /><testcase classname="tests.integration.conversations.test_history_sent_to_provider" name="test_per_message_model_switch_records_distinct_snapshots" time="0.478" /><testcase classname="tests.integration.conversations.test_stream_recovery" name="test_interrupted_stream_marks_partial_after_persisting_chunks" time="0.001" /><testcase classname="tests.integration.conversations.test_stream_recovery" name="test_usage_events_are_forwarded_without_being_dropped" time="0.001" /><testcase classname="tests.integration.conversations.test_stream_recovery" name="test_cancellation_stops_chunk_writes_and_preserves_cancelled_state" time="0.001" /><testcase classname="tests.integration.conversations.test_stream_recovery" name="test_provider_failure_without_output_is_failed_not_partial" time="0.001" /><testcase classname="tests.integration.database.test_attachments" name="test_attachment_listing_is_owner_scoped" time="0.152" /><testcase classname="tests.integration.database.test_attachments_persistence" name="test_attachment_lookup_is_owner_scoped" time="0.753" /><testcase classname="tests.integration.database.test_chapter_version_concurrency" name="test_concurrent_chapter_versions_get_distinct_numbers" time="0.781" /><testcase classname="tests.integration.database.test_chapter_version_controls" name="test_chapter_versions_can_be_selected_by_owner" time="0.796" /><testcase classname="tests.integration.database.test_chapter_versions" name="test_same_content_hash_does_not_create_second_version" time="0.764" /><testcase classname="tests.integration.database.test_context_snapshots" name="test_context_snapshot_is_durable_and_owner_scoped" time="0.760" /><testcase classname="tests.integration.database.test_conversation_branch_isolation" name="test_branch_fork_point_must_belong_to_same_conversation" time="0.790" /><testcase classname="tests.integration.database.test_conversation_branches" name="test_branch_inherits_only_to_fork_point" time="0.742" /><testcase classname="tests.integration.database.test_credentials" name="test_credentials_are_owner_scoped" time="0.775" /><testcase classname="tests.integration.database.test_credentials_upsert" name="test_provider_credentials_upsert_without_creating_duplicates" time="0.728" /><testcase classname="tests.integration.database.test_event_stream" name="test_database_event_stream_replays_after_last_event" time="0.760" /><testcase classname="tests.integration.database.test_event_stream" name="test_database_event_stream_allocates_unique_ids_for_concurrent_publishers" time="0.814" /><testcase classname="tests.integration.database.test_message_chunks" name="test_duplicate_chunk_is_idempotent" time="0.783" /><testcase classname="tests.integration.database.test_message_chunks" name="test_duplicate_client_request_reuses_existing_assistant" time="0.779" /><testcase classname="tests.integration.database.test_model_catalog" name="test_model_catalog_upsert_and_list_is_durable" time="0.725" /><testcase classname="tests.integration.database.test_model_usage" name="test_usage_records_are_durable_and_idempotent" time="0.813" /><testcase classname="tests.integration.database.test_project_repository" name="test_project_repository_round_trip" time="0.771" /><testcase classname="tests.integration.database.test_project_status" name="test_project_can_be_archived_and_restored" time="0.860" /><testcase classname="tests.integration.database.test_remaining_schema" name="test_remaining_schema_is_present" time="0.888" /><testcase classname="tests.integration.database.test_uow" name="test_uow_rolls_back_uncommitted_project" time="0.058" /><testcase classname="tests.integration.database.test_workflow_repository" name="test_workflow_events_and_transitions_are_durable" time="0.774" /><testcase classname="tests.integration.database.test_workflow_repository" name="test_workflow_lease_checkpoint_recovery_and_cost_guard" time="0.813" /><testcase classname="tests.integration.files.test_local_blob" name="test_same_bytes_use_same_content_address" time="0.007" /><testcase classname="tests.integration.legacy_engine.test_adapter" name="test_adapter_rejects_commit_without_pre_state" time="0.002" /><testcase classname="tests.integration.operations.test_backup" name="test_backup_can_be_verified" time="0.004" /><testcase classname="tests.integration.operations.test_backup" name="test_backup_restore_is_staged_and_safe" time="0.005" /><testcase classname="tests.integration.operations.test_backup" name="test_backup_contains_database_dump_and_manifest" time="0.004" /><testcase classname="tests.integration.providers.test_model_catalog_sync" name="test_sync_adds_new_vendor_model_without_code_change" time="0.002" /><testcase classname="tests.integration.providers.test_model_catalog_sync" name="test_sync_marks_missing_vendor_model_unavailable_without_deleting_it" time="0.001" /><testcase classname="tests.integration.quality.test_rule_quality_service" name="test_guard_crash_is_error_and_cannot_commit" time="0.001" /><testcase classname="tests.integration.revision.test_approval_creates_version" name="test_apply_hunks_uses_reverse_offsets_for_multiple_accepted_changes" time="0.001" /><testcase classname="tests.integration.workflows.test_budget_enforcement" name="test_token_budget_blocks_before_next_model_call" time="0.001" /><testcase classname="tests.integration.workflows.test_budget_enforcement" name="test_unknown_price_does_not_fake_a_zero_cost_budget_result" time="0.000" /><testcase classname="tests.integration.workflows.test_chapter_generation" name="test_passed_chapter_is_committed_once" time="0.001" /><testcase classname="tests.integration.workflows.test_chapter_planning" name="test_chapter_planner_has_deterministic_numbering" time="0.001" /><testcase classname="tests.integration.workflows.test_generate_novel_context_budget" name="test_catalog_window_drives_context_input_budget" time="0.860" /><testcase classname="tests.integration.workflows.test_generate_novel_context_budget" name="test_unknown_model_falls_back_to_conservative_floor_and_records_source" time="0.221" /><testcase classname="tests.integration.workflows.test_generate_novel_context_budget" name="test_large_catalog_window_keeps_context_item" time="0.263" /><testcase classname="tests.integration.workflows.test_node_executor" name="test_executor_walks_all_six_node_kinds_in_topological_order" time="0.232" /><testcase classname="tests.integration.workflows.test_node_executor" name="test_executor_records_actual_usage_releases_reservation_and_blocks_on_overrun" time="0.180" /><testcase classname="tests.integration.workflows.test_node_executor" name="test_pause_between_nodes_stops_cleanly_and_resume_continues" time="0.158" /><testcase classname="tests.integration.workflows.test_node_executor" name="test_failed_node_marks_run_and_retry_continues_from_that_node" time="0.174" /><testcase classname="tests.integration.workflows.test_node_executor" name="test_recovery_requeues_expired_node_and_executor_picks_it_up" time="0.182" /><testcase classname="tests.integration.workflows.test_node_executor" name="test_statically_budget_blocked_run_is_not_executed" time="0.103" /><testcase classname="tests.integration.workflows.test_novel_generation" name="test_writer_stream_is_collected_without_empty_success" time="0.001" /><testcase classname="tests.integration.workflows.test_novel_generation" name="test_empty_writer_stream_is_rejected" time="0.001" /><testcase classname="tests.integration.workflows.test_novel_generation" name="test_writer_editor_loop_requires_structured_editor_pass" time="0.001" /><testcase classname="tests.integration.workflows.test_novel_generation" name="test_writer_prompt_includes_compiled_story_context" time="0.001" /><testcase classname="tests.integration.workflows.test_novel_planning" name="test_planning_rejects_missing_chapter" time="0.001" /><testcase classname="tests.integration.workflows.test_novel_planning" name="test_planning_accepts_complete_coverage" time="0.001" /><testcase classname="tests.integration.workflows.test_outline_intake" name="test_outline_intake_asks_only_for_missing_plan_details" time="0.001" /><testcase classname="tests.integration.workflows.test_refresh_recovery" name="test_refresh_replays_only_events_after_snapshot_cursor" time="0.087" /><testcase classname="tests.integration.workflows.test_refresh_recovery" name="test_expired_lease_recovery_requeues_checkpointed_node_and_increments_retry" time="0.096" /><testcase classname="tests.integration.workflows.test_refresh_recovery" name="test_budget_blocked_checkpoint_never_commits_a_partial_version" time="0.094" /><testcase classname="tests.integration.workflows.test_rewrite_limit" name="test_rewrite_loop_stops_at_limit" time="0.001" /><testcase classname="tests.integration.workflows.test_state_machine" name="test_completed_cannot_restart" time="0.001" /><testcase classname="tests.integration.workflows.test_whole_novel" name="test_pause_resume_does_not_regenerate_completed_chapters" time="0.001" /><testcase classname="tests.migration.test_legacy_import" name="test_legacy_import_preserves_latest_content_hash" time="0.032" /><testcase classname="tests.migration.test_workflow_recovery_migration" name="test_workflow_recovery_migration_declares_missing_table_repair" time="0.001" /><testcase classname="tests.operations.test_upgrade_check" name="test_check_ready_and_pending_on_fresh_data_dir" time="0.037" /><testcase classname="tests.operations.test_upgrade_check" name="test_check_up_to_date_when_database_is_stamped" time="0.058" /><testcase classname="tests.operations.test_upgrade_check" name="test_check_blocked_by_upgrade_lock" time="0.021" /><testcase classname="tests.operations.test_upgrade_check" name="test_sync_url_downgrades_async_drivers" time="0.001" /><testcase classname="tests.operations.test_upgrade_check" name="test_check_blocked_when_data_dir_missing" time="0.021" /><testcase classname="tests.operations.test_upgrade_check" name="test_cli_upgrade_check_json_keys_stable" time="0.042" /><testcase classname="tests.operations.test_upgrade_check" name="test_cli_upgrade_check_blocked_by_lock_returns_nonzero" time="0.047" /><testcase classname="tests.operations.test_upgrade_check" name="test_cli_upgrade_rejects_busy_instance" time="0.005" /><testcase classname="tests.operations.test_upgrade_check" name="test_cli_upgrade_success_prints_report_path" time="0.043" /><testcase classname="tests.operations.test_upgrade_rollback" name="test_upgrade_failure_restores_data_from_verified_backup" time="0.007" /><testcase classname="tests.operations.test_upgrade_rollback" name="test_upgrade_lock_rejects_second_process" time="0.002" /><testcase classname="tests.operations.test_upgrade_rollback" name="test_successful_upgrade_writes_report_and_preserves_backup" time="0.010" /><testcase classname="tests.operations.test_upgrade_rollback" name="test_corrupt_backup_checksum_is_rejected" time="0.010" /><testcase classname="tests.operations.test_upgrade_rollback" name="test_migrate_failure_writes_sanitized_report" time="0.010" /><testcase classname="tests.operations.test_upgrade_rollback" name="test_rollback_restores_sqlite_and_runs_integrity_check" time="0.025" /><testcase classname="tests.operations.test_upgrade_rollback" name="test_stop_hook_runs_before_migrate" time="0.004" /><testcase classname="tests.packaging.test_installers" name="test_installer_files_exist_and_are_not_placeholders" time="0.006" /><testcase classname="tests.packaging.test_installers" name="test_linux_units_point_at_contract_bundle_paths" time="0.001" /><testcase classname="tests.packaging.test_installers" name="test_packaging_references_existing_cli_subcommands" time="0.001" /><testcase classname="tests.packaging.test_installers" name="test_linux_packaging_never_starts_services[script0]" time="0.001" /><testcase classname="tests.packaging.test_installers" name="test_linux_packaging_never_starts_services[script1]" time="0.001" /><testcase classname="tests.packaging.test_installers" name="test_linux_build_scripts_require_native_bundle" time="0.001" /><testcase classname="tests.packaging.test_installers" name="test_uninstall_preserves_user_data" time="0.001" /><testcase classname="tests.packaging.test_installers" name="test_plist_required_keys" time="0.001" /><testcase classname="tests.packaging.test_installers" name="test_distribution_xml_matches_component_package" time="0.001" /><testcase classname="tests.packaging.test_installers" name="test_iss_required_directives" time="0.001" /><testcase classname="tests.packaging.test_installers" name="test_shell_scripts_pass_bash_syntax_check[script0]" time="0.003" /><testcase classname="tests.packaging.test_installers" name="test_shell_scripts_pass_bash_syntax_check[script1]" time="0.003" /><testcase classname="tests.packaging.test_installers" name="test_shell_scripts_pass_bash_syntax_check[script2]" time="0.003" /><testcase classname="tests.packaging.test_installers" name="test_powershell_scripts_parse[script0]" time="0.001"><skipped type="pytest.skip" message="PowerShell not available on this host">/app/tests/packaging/test_installers.py:207: PowerShell not available on this host</skipped></testcase><testcase classname="tests.packaging.test_installers" name="test_powershell_scripts_parse[script1]" time="0.001"><skipped type="pytest.skip" message="PowerShell not available on this host">/app/tests/packaging/test_installers.py:207: PowerShell not available on this host</skipped></testcase><testcase classname="tests.packaging.test_manifest" name="test_manifest_contains_reproducibility_fields_and_no_runtime_data" time="0.001" /><testcase classname="tests.packaging.test_manifest" name="test_manifest_required_fields_default_version_and_no_secrets" time="0.002" /><testcase classname="tests.packaging.test_native_bundle" name="test_data_file_mappings_cover_frontend_migrations_license" time="0.003" /><testcase classname="tests.packaging.test_native_bundle" name="test_bundle_contents_match_mappings_and_layout" time="0.003" /><testcase classname="tests.packaging.test_native_bundle" name="test_freeze_dependency_hashes_parses_mapping_and_combined_digest" time="0.001" /><testcase classname="tests.packaging.test_native_bundle" name="test_host_target_mapping" time="0.001" /><testcase classname="tests.packaging.test_native_bundle" name="test_build_bundle_requires_frontend_dist" time="0.003" /><testcase classname="tests.packaging.test_native_bundle" name="test_build_bundle_rejects_platform_mismatch" time="0.004" /><testcase classname="tests.packaging.test_native_bundle" name="test_rearrange_bundle_produces_contract_layout" time="0.005" /><testcase classname="tests.packaging.test_packaging_paths" name="test_native_packaging_tree_is_complete" time="0.001" /><testcase classname="tests.quality.test_analyzer_compatibility" name="test_prose_analyzer_returns_structured_result" time="0.001" /><testcase classname="tests.recovery.test_backup_restore" name="test_backup_restore_rejects_tampered_member" time="0.004" /><testcase classname="tests.recovery.test_backup_restore" name="test_database_restore_requires_staging_target" time="0.003" /><testcase classname="tests.recovery.test_backup_restore" name="test_database_restore_runs_only_against_staging" time="0.003" /><testcase classname="tests.recovery.test_startup_health" name="test_startup_check_round_trips_blob_probe" time="0.002" /><testcase classname="tests.recovery.test_worker_restart" name="test_expired_lease_enters_recovery_and_releases_owner" time="0.001" /><testcase classname="tests.runtime.test_factory" name="test_create_runtime_returns_runtime" time="0.003" /><testcase classname="tests.runtime.test_factory" name="test_capabilities_match_profile" time="0.006" /><testcase classname="tests.runtime.test_factory" name="test_info_shape_and_platform" time="0.003" /><testcase classname="tests.runtime.test_factory" name="test_info_excludes_secrets" time="0.003" /><testcase classname="tests.runtime.test_factory" name="test_data_dir_is_absolute_flag" time="0.006" /><testcase classname="tests.runtime.test_factory" name="test_web_served_by" time="0.004" /><testcase classname="tests.runtime.test_factory" name="test_create_app_attaches_runtime" time="0.004" /><testcase classname="tests.runtime.test_lifecycle" name="test_lifecycle_bootstraps_before_ready_and_stops_in_reverse_order" time="0.001" /><testcase classname="tests.runtime.test_lifecycle" name="test_lifecycle_start_is_idempotent_and_failure_keeps_not_ready" time="0.001" /><testcase classname="tests.runtime.test_lifecycle" name="test_lifecycle_stop_is_safe_before_start_and_after_second_stop" time="0.001" /><testcase classname="tests.runtime.test_lifecycle" name="test_lifecycle_does_not_block_event_loop_while_stopping" time="0.001" /><testcase classname="tests.runtime.test_paths" name="test_native_win32_defaults" time="0.001" /><testcase classname="tests.runtime.test_paths" name="test_native_darwin_defaults" time="0.001" /><testcase classname="tests.runtime.test_paths" name="test_native_linux_defaults_with_xdg" time="0.001" /><testcase classname="tests.runtime.test_paths" name="test_native_linux_defaults_without_xdg" time="0.001" /><testcase classname="tests.runtime.test_paths" name="test_explicit_data_dir_overrides_platform_default" time="0.001" /><testcase classname="tests.runtime.test_paths" name="test_explicit_blob_backup_frontend_overrides" time="0.001" /><testcase classname="tests.runtime.test_paths" name="test_explicit_sqlite_database_url_overrides_generated_path" time="0.001" /><testcase classname="tests.runtime.test_paths" name="test_postgres_database_url_yields_no_local_database_path" time="0.001" /><testcase classname="tests.runtime.test_paths" name="test_in_memory_sqlite_url_yields_no_database_path" time="0.001" /><testcase classname="tests.runtime.test_paths" name="test_server_profile_uses_container_defaults_without_sqlite" time="0.001" /><testcase classname="tests.runtime.test_paths" name="test_server_profile_honours_settings_env_fields" time="0.001" /><testcase classname="tests.runtime.test_paths" name="test_unknown_platform_raises" time="0.001" /><testcase classname="tests.runtime.test_paths" name="test_test_profile_requires_explicit_data_dir" time="0.001" /><testcase classname="tests.runtime.test_paths" name="test_test_profile_uses_provided_temp_dir" time="0.001" /><testcase classname="tests.runtime.test_paths" name="test_all_returned_paths_are_absolute[win32]" time="0.001" /><testcase classname="tests.runtime.test_paths" name="test_all_returned_paths_are_absolute[darwin]" time="0.001" /><testcase classname="tests.runtime.test_paths" name="test_all_returned_paths_are_absolute[linux]" time="0.001" /><testcase classname="tests.runtime.test_paths" name="test_no_container_hostnames_in_any_path" time="0.001" /><testcase classname="tests.runtime.test_paths" name="test_bootstrap_native_creates_directories" time="0.004" /><testcase classname="tests.runtime.test_paths" name="test_bootstrap_server_is_noop" time="0.001" /><testcase classname="tests.runtime.test_profile" name="test_default_profile_is_server" time="0.002" /><testcase classname="tests.runtime.test_profile" name="test_default_native_profile" time="0.001" /><testcase classname="tests.runtime.test_profile" name="test_server_rejects_native_defaults" time="0.001" /><testcase classname="tests.runtime.test_profile" name="test_native_rejects_postgres_url" time="0.001" /><testcase classname="tests.runtime.test_profile" name="test_native_allows_postgres_with_override" time="0.001" /><testcase classname="tests.runtime.test_profile" name="test_invalid_profile_rejected" time="0.001" /><testcase classname="tests.runtime.test_profile" name="test_capability_mapping" time="0.000" /><testcase classname="tests.runtime.test_profile" name="test_runtime_field_defaults" time="0.001" /><testcase classname="tests.runtime.test_scheduler" name="test_local_scheduler_runs_maintenance_and_stops_promptly" time="0.063" /><testcase classname="tests.runtime.test_web_assets" name="test_env_override_wins" time="0.002" /><testcase classname="tests.runtime.test_web_assets" name="test_env_override_ignored_when_not_a_directory" time="0.002" /><testcase classname="tests.runtime.test_web_assets" name="test_meipass_bundle_beats_package_adjacent" time="0.002" /><testcase classname="tests.runtime.test_web_assets" name="test_package_adjacent_frontend_dist_beats_repo_layout" time="0.002" /><testcase classname="tests.runtime.test_web_assets" name="test_repo_dev_layout" time="0.002" /><testcase classname="tests.runtime.test_web_assets" name="test_returns_none_when_nothing_found" time="0.001" /><testcase classname="tests.security.test_upload_security" name="test_download_digest_rejects_tampered_blob" time="0.001" /><testcase classname="tests.security.test_upload_security" name="test_upload_rejects_traversal" time="0.001" /><testcase classname="tests.tasks.test_local_queue" name="test_enqueue_persists_across_queue_rebuild" time="0.062" /><testcase classname="tests.tasks.test_local_queue" name="test_only_one_claim_between_competing_workers" time="0.050" /><testcase classname="tests.tasks.test_local_queue" name="test_recover_expired_returns_job_to_pending_and_increments_attempts" time="0.056" /><testcase classname="tests.tasks.test_local_queue" name="test_cancel_before_claim" time="0.047" /><testcase classname="tests.tasks.test_local_queue" name="test_cannot_cancel_after_claim" time="0.044" /><testcase classname="tests.tasks.test_local_queue" name="test_worker_finishes_job_with_full_event_trail" time="0.054" /><testcase classname="tests.tasks.test_local_queue" name="test_worker_marks_failed_job_with_last_error" time="0.062" /><testcase classname="tests.tasks.test_local_queue" name="test_graceful_stop_releases_lease" time="0.368" /><testcase classname="tests.tasks.test_queue_factory" name="test_native_profile_returns_local_queue_with_registered_handlers" time="0.004" /><testcase classname="tests.tasks.test_queue_factory" name="test_server_profile_returns_celery_queue_without_touching_sqlite" time="0.001" /><testcase classname="tests.tasks.test_queue_factory" name="test_server_profile_never_falls_back_to_sqlite" time="0.001" /><testcase classname="tests.tasks.test_queue_factory" name="test_test_profile_returns_memory_queue" time="0.001" /><testcase classname="tests.tasks.test_queue_factory" name="test_native_profile_requires_session_factory" time="0.002" /><testcase classname="tests.test_agents_smoke" name="test_individual_agents_return_standard_shape" time="0.004" /><testcase classname="tests.test_agents_smoke" name="test_chief_editor_aggregates_six_merged_agents" time="0.004" /><testcase classname="tests.test_agents_smoke" name="test_orchestrator_light_mode_runs_three_agents" time="0.003" /><testcase classname="tests.test_agents_smoke" name="test_orchestrator_full_mode_runs_six_agents" time="0.004" /><testcase classname="tests.test_agents_smoke" name="test_character_agent_loads_psychologies_from_repo_root" time="0.001" /><testcase classname="tests.test_agents_smoke" name="test_character_psychology_guard_loads_genre_presets" time="0.025" /><testcase classname="tests.test_anti_ai_registry_entry" name="test_anti_ai_subcheck_runs_via_prose_authenticity" time="0.005" /><testcase classname="tests.test_anti_ai_registry_entry" name="test_anti_ai_not_a_b_with_evidence_no_warn" time="0.001" /><testcase classname="tests.test_application_service" name="test_pipeline_service_routes_pre_through_pipeline_context" time="0.002" /><testcase classname="tests.test_canon_evidence_guard.TestCanonEvidencePass" name="test_no_hard_claims_passes" time="0.005" /><testcase classname="tests.test_canon_evidence_guard.TestCanonEvidencePass" name="test_task_card_allowed_passes" time="0.001" /><testcase classname="tests.test_canon_evidence_guard.TestCanonEvidencePass" name="test_soft_detail_passes" time="0.001" /><testcase classname="tests.test_canon_evidence_guard.TestCanonEvidenceFail" name="test_unsupported_realm_shift" time="0.001" /><testcase classname="tests.test_canon_evidence_guard.TestCanonEvidenceFail" name="test_unsupported_faction_appearance" time="0.001" /><testcase classname="tests.test_canon_evidence_guard.TestCanonEvidenceFail" name="test_new_power_without_source" time="0.001" /><testcase classname="tests.test_character_mentions_shared" name="test_shared_matcher_applies_mode_a_and_mode_b" time="0.001" /><testcase classname="tests.test_character_mentions_shared" name="test_chapter_context_ignores_single_char_collision_mentions" time="0.001" /><testcase classname="tests.test_character_mentions_shared" name="test_chapter_context_uses_real_character_mentions" time="0.001" /><testcase classname="tests.test_character_mentions_shared" name="test_chapter_context_relationships_use_real_mentions" time="0.001" /><testcase classname="tests.test_character_mentions_shared" name="test_chapter_context_relationships_ignore_collision_mentions" time="0.000" /><testcase classname="tests.test_character_mentions_shared" name="test_character_agent_segments_ignore_single_char_collisions" time="0.001" /><testcase classname="tests.test_character_mentions_shared" name="test_character_agent_segments_ignore_longer_name_overlap" time="0.001" /><testcase classname="tests.test_character_voice_guard" name="test_empty_content" time="0.001" /><testcase classname="tests.test_character_voice_guard" name="test_normal_text_passes" time="0.001" /><testcase classname="tests.test_character_voice_guard" name="test_forbidden_words_detected" time="0.001" /><testcase classname="tests.test_character_voice_guard" name="test_voice_profiles_loaded" time="0.001" /><testcase classname="tests.test_character_voice_guard" name="test_match_pack_markers" time="0.002" /><testcase classname="tests.test_classical_register_guard" name="test_low_wenyan_passes" time="0.001" /><testcase classname="tests.test_classical_register_guard" name="test_high_wenyan_detected" time="0.001" /><testcase classname="tests.test_classical_register_guard" name="test_law_text_context" time="0.000" /><testcase classname="tests.test_classical_register_guard" name="test_raw_classical_block_without_reaction" time="0.001" /><testcase classname="tests.test_compliance_selfcheck_guard" name="test_check_category_no_match" time="0.001" /><testcase classname="tests.test_compliance_selfcheck_guard" name="test_check_category_medium_match" time="0.001" /><testcase classname="tests.test_compliance_selfcheck_guard" name="test_normal_text_passes" time="0.001" /><testcase classname="tests.test_compliance_selfcheck_guard" name="test_explicit_sexual_triggers_block" time="0.001" /><testcase classname="tests.test_compliance_selfcheck_guard" name="test_extreme_gore_triggers_block" time="0.001" /><testcase classname="tests.test_compliance_selfcheck_guard" name="test_ad_spam_triggers_block" time="0.001" /><testcase classname="tests.test_compliance_selfcheck_guard" name="test_political_sensitivity_triggers_block" time="0.001" /><testcase classname="tests.test_compliance_selfcheck_guard" name="test_mild_gore_only_warns" time="0.001" /><testcase classname="tests.test_compliance_selfcheck_guard" name="test_empty_text_handled" time="0.001" /><testcase classname="tests.test_compliance_selfcheck_guard" name="test_report_json_fields_complete" time="0.001" /><testcase classname="tests.test_concrete_anchor_guard" name="test_detect_object_anchors" time="0.001" /><testcase classname="tests.test_concrete_anchor_guard" name="test_detect_object_anchors_empty" time="0.001" /><testcase classname="tests.test_concrete_anchor_guard" name="test_detect_body_actions" time="0.001" /><testcase classname="tests.test_concrete_anchor_guard" name="test_detect_scene_anchors" time="0.000" /><testcase classname="tests.test_concrete_anchor_guard" name="test_detect_visible_consequences" time="0.000" /><testcase classname="tests.test_concrete_anchor_guard" name="test_split_into_windows" time="0.001" /><testcase classname="tests.test_concrete_anchor_guard" name="test_split_into_windows_empty" time="0.000" /><testcase classname="tests.test_concrete_anchor_guard" name="test_analyze_windows_rich_text" time="0.001" /><testcase classname="tests.test_concrete_anchor_guard" name="test_analyze_windows_empty" time="0.000" /><testcase classname="tests.test_concrete_anchor_guard" name="test_normal_rich_text_passes" time="0.004" /><testcase classname="tests.test_concrete_anchor_guard" name="test_pure_abstract_text_triggers_warning" time="0.001" /><testcase classname="tests.test_concrete_anchor_guard" name="test_short_text_does_not_crash" time="0.001" /><testcase classname="tests.test_concrete_anchor_guard" name="test_empty_text_handled" time="0.001" /><testcase classname="tests.test_concrete_anchor_guard" name="test_report_json_fields_complete" time="0.001" /><testcase classname="tests.test_concrete_anchor_guard" name="test_hard_fail_always_false" time="0.001" /><testcase classname="tests.test_config_load.TestConfigLoad" name="test_default_config" time="0.001" /><testcase classname="tests.test_config_load.TestConfigLoad" name="test_load_config_file" time="0.002" /><testcase classname="tests.test_config_load.TestConfigLoad" name="test_gates_word_count_no_longer_overrides_word_count" time="0.001" /><testcase classname="tests.test_config_load.TestConfigLoad" name="test_example_config_uses_canonical_word_count_only" time="0.001" /><testcase classname="tests.test_config_load.TestConfigLoad" name="test_example_config_default_paths_match_code_constants" time="0.001" /><testcase classname="tests.test_consequence_lexicon_integration" name="test_consequence_lexicon_counts_narrative_costs" time="0.001" /><testcase classname="tests.test_consequence_lexicon_integration" name="test_scene_causality_accepts_narrative_costs" time="0.001" /><testcase classname="tests.test_consequence_lexicon_integration" name="test_concrete_anchor_accepts_narrative_costs" time="0.001" /><testcase classname="tests.test_context_injection_compat" name="test_context_injection_handles_legacy_database_without_table" time="0.001" /><testcase classname="tests.test_context_injection_compat" name="test_ensure_chapter_contexts_table_upgrades_legacy_database" time="0.001" /><testcase classname="tests.test_continuity_evidence_guard.TestContinuityEvidencePass" name="test_first_chapter_auto_pass" time="0.000" /><testcase classname="tests.test_continuity_evidence_guard.TestContinuityEvidencePass" name="test_clean_continuity_passes" time="0.002" /><testcase classname="tests.test_continuity_evidence_guard.TestContinuityEvidencePass" name="test_injury_carried_forward" time="0.001" /><testcase classname="tests.test_continuity_evidence_guard.TestContinuityEvidenceFail" name="test_missing_tail_used" time="0.001" /><testcase classname="tests.test_continuity_evidence_guard.TestContinuityEvidenceFail" name="test_discovery_hooks_missing" time="0.001" /><testcase classname="tests.test_continuity_evidence_guard.TestContinuityEvidenceFail" name="test_location_discontinuity" time="0.001" /><testcase classname="tests.test_dialogue_beat_guard" name="test_scene_with_beats_passes" time="0.001" /><testcase classname="tests.test_dialogue_beat_guard" name="test_scene_with_misunderstanding_cost" time="0.001" /><testcase classname="tests.test_dialogue_beat_guard" name="test_pure_explanation_fails" time="0.001" /><testcase classname="tests.test_dialogue_beat_guard" name="test_empty_content" time="0.000" /><testcase classname="tests.test_dialogue_naturalness_entrypoint" name="test_dialogue_structure_entrypoint_exists" time="0.000" /><testcase classname="tests.test_dialogue_naturalness_entrypoint" name="test_dialogue_structure_check_runs" time="0.001" /><testcase classname="tests.test_dialogue_naturalness_guard" name="test_extract_dialogue_lines" time="0.000" /><testcase classname="tests.test_dialogue_naturalness_guard" name="test_count_interruptions" time="0.000" /><testcase classname="tests.test_dialogue_naturalness_guard" name="test_count_unfinished_sentences" time="0.000" /><testcase classname="tests.test_dialogue_naturalness_guard" name="test_count_action_beats" time="0.001" /><testcase classname="tests.test_dialogue_naturalness_guard" name="test_ai_explain_now_in_anti_ai_guard" time="0.001" /><testcase classname="tests.test_dialogue_naturalness_guard" name="test_normal_dialogue_passes" time="0.001" /><testcase classname="tests.test_dialogue_naturalness_guard" name="test_all_complete_sentences_warns" time="0.001" /><testcase classname="tests.test_dialogue_naturalness_guard" name="test_empty_text_handled" time="0.001" /><testcase classname="tests.test_dialogue_naturalness_guard" name="test_report_json_fields_complete" time="0.001" /><testcase classname="tests.test_editor_revision_guard" name="test_count_chinese" time="0.001" /><testcase classname="tests.test_editor_revision_guard" name="test_split_sentences" time="0.001" /><testcase classname="tests.test_editor_revision_guard" name="test_split_paragraphs" time="0.000" /><testcase classname="tests.test_editor_revision_guard" name="test_over_explained_normal_text_passes" time="0.001" /><testcase classname="tests.test_editor_revision_guard" name="test_over_explained_template_text" time="0.001" /><testcase classname="tests.test_editor_revision_guard" name="test_revision_texture_varied_text" time="0.001" /><testcase classname="tests.test_editor_revision_guard" name="test_revision_texture_flat_text" time="0.001" /><testcase classname="tests.test_editor_revision_guard" name="test_normal_text_generates_pass" time="0.001" /><testcase classname="tests.test_editor_revision_guard" name="test_template_text_triggers_warning" time="0.001" /><testcase classname="tests.test_editor_revision_guard" name="test_short_text_does_not_crash" time="0.001" /><testcase classname="tests.test_editor_revision_guard" name="test_empty_text_handled" time="0.001" /><testcase classname="tests.test_editor_revision_guard" name="test_report_json_fields_complete" time="0.001" /><testcase classname="tests.test_editor_revision_guard" name="test_hard_fail_always_false" time="0.001" /><testcase classname="tests.test_end_to_end_demo.TestEndToEndFlow" name="test_ingest_marks_partial_failure_when_enrichment_crashes" time="0.073" /><testcase classname="tests.test_end_to_end_demo.TestEndToEndFlow" name="test_full_ch1_cycle" time="0.157" /><testcase classname="tests.test_end_to_end_demo.TestEndToEndFlow" name="test_volume_post_generates_report" time="0.113" /><testcase classname="tests.test_english_pack_safety" name="test_physics_english_allowed" time="0.001" /><testcase classname="tests.test_english_pack_safety" name="test_casual_english_banned" time="0.001" /><testcase classname="tests.test_english_pack_safety" name="test_system_english_in_boss_dialogue" time="0.001" /><testcase classname="tests.test_explicit_slot_context" name="test_pipeline_context_can_bind_explicit_slot_without_active_slot" time="0.003" /><testcase classname="tests.test_explicit_slot_context" name="test_pipeline_context_rejects_unknown_explicit_slot" time="0.002" /><testcase classname="tests.test_export_error_visibility" name="test_export_novel_lookup_failure_is_not_treated_as_missing_novel" time="0.001" /><testcase classname="tests.test_export_error_visibility" name="test_export_chapter_query_failure_is_not_treated_as_empty_export" time="0.001" /><testcase classname="tests.test_final_submission_report" name="test_all_pass_yields_ready" time="0.001" /><testcase classname="tests.test_final_submission_report" name="test_some_warnings_yields_need_revision" time="0.001" /><testcase classname="tests.test_final_submission_report" name="test_any_block_yields_blocked" time="0.001" /><testcase classname="tests.test_final_submission_report" name="test_empty_reports_handled" time="0.001" /><testcase classname="tests.test_final_submission_report" name="test_top_revision_tasks_extraction" time="0.001" /><testcase classname="tests.test_final_submission_report" name="test_aggregate_structure_complete" time="0.001" /><testcase classname="tests.test_formal_cli" name="test_doctor_returns_machine_readable_health" time="0.004" /><testcase classname="tests.test_formal_cli" name="test_project_create_activates_and_persists_slug" time="0.036" /><testcase classname="tests.test_formal_cli" name="test_chapter_pre_uses_active_project_defaults" time="0.005" /><testcase classname="tests.test_fts_chunk_rowid" name="test_chunk_fts_rowid_aligns_to_base_id" time="0.105" /><testcase classname="tests.test_fts_chunk_rowid" name="test_stored_fts_rowids_enrich_nonempty" time="0.101" /><testcase classname="tests.test_fts_chunk_rowid" name="test_reingest_no_orphan_or_dup_fts" time="0.104" /><testcase classname="tests.test_fts_chunk_rowid" name="test_reingest_same_content_is_idempotent" time="0.099" /><testcase classname="tests.test_fts_chunk_rowid" name="test_registry_slot_json_atomic_no_tmp" time="0.032" /><testcase classname="tests.test_fts_health" name="test_safe_ident_accepts_valid_table_and_column_names" time="0.001" /><testcase classname="tests.test_fts_health" name="test_safe_ident_rejects_injection_like[x; DROP TABLE chapters]" time="0.001" /><testcase classname="tests.test_fts_health" name="test_safe_ident_rejects_injection_like[a b]" time="0.001" /><testcase classname="tests.test_fts_health" name="test_safe_ident_rejects_injection_like[tbl)]" time="0.001" /><testcase classname="tests.test_fts_health" name="test_safe_ident_rejects_injection_like[1table]" time="0.001" /><testcase classname="tests.test_fts_health" name="test_safe_ident_rejects_injection_like[]" time="0.001" /><testcase classname="tests.test_fts_health" name="test_safe_ident_rejects_injection_like[content,]" time="0.001" /><testcase classname="tests.test_fts_health" name="test_check_fts_health_reports_healthy_state" time="0.033" /><testcase classname="tests.test_fts_health" name="test_ensure_fts_healthy_reports_structured_noop" time="0.033" /><testcase classname="tests.test_fts_health" name="test_ensure_fts_healthy_reports_missing_db" time="0.002" /><testcase classname="tests.test_guard_crash_regression" name="test_standard_guards_do_not_crash" time="0.137" /><testcase classname="tests.test_guard_crash_regression" name="test_standard_and_submission_guard_sets_are_intentional" time="0.001" /><testcase classname="tests.test_guard_crash_regression" name="test_continuity_evidence_no_str_int_error" time="0.001" /><testcase classname="tests.test_guard_entry_consistency" name="test_registry_and_orchestrated_warning_count_consistent" time="0.196" /><testcase classname="tests.test_guard_entry_consistency" name="test_guard_registry_validation_passes" time="0.001" /><testcase classname="tests.test_guard_entry_consistency" name="test_legacy_entry_preserves_chapter_type" time="0.001" /><testcase classname="tests.test_guard_observability" name="test_crashed_guards_collected_in_summary" time="0.001" /><testcase classname="tests.test_guard_observability" name="test_crashed_guards_survive_save_load" time="0.002" /><testcase classname="tests.test_guard_observability" name="test_dedup_counts_distinct_subcheck_sources" time="0.001" /><testcase classname="tests.test_guard_protocol_consumers" name="test_aggregate_accepts_guard_result_dict_warn" time="0.001" /><testcase classname="tests.test_guard_protocol_consumers" name="test_aggregate_accepts_guard_result_dict_fail" time="0.001" /><testcase classname="tests.test_guard_protocol_consumers" name="test_aggregate_drills_guards_raw_in_metrics" time="0.001" /><testcase classname="tests.test_guard_protocol_consumers" name="test_classify_warning_recognizes_new_finding_format" time="0.000" /><testcase classname="tests.test_guard_protocol_consumers" name="test_classify_warning_legacy_still_works" time="0.000" /><testcase classname="tests.test_guard_protocol_consumers" name="test_deduplicate_uses_subcheck_identity" time="0.001" /><testcase classname="tests.test_guard_protocol_consumers" name="test_source_guard_preserved_through_adapter" time="0.001" /><testcase classname="tests.test_guard_protocol_consumers" name="test_source_guard_empty_when_no_source" time="0.000" /><testcase classname="tests.test_guard_protocol_consumers" name="test_load_sub_finds_guards_raw_in_metrics" time="0.001" /><testcase classname="tests.test_guard_protocol_consumers" name="test_fts_health_import_path" time="0.000" /><testcase classname="tests.test_guard_protocol_consumers" name="test_coerce_legacy_idempotent_for_old_format" time="0.000" /><testcase classname="tests.test_guard_protocol_consumers" name="test_aggregate_handles_non_dict_report_payload" time="0.001" /><testcase classname="tests.test_guard_protocol_consumers" name="test_classify_warning_accepts_dialogue_quality_for_abstract_overuse" time="0.000" /><testcase classname="tests.test_guard_protocol_consumers" name="test_classify_warning_accepts_reader_engagement_for_over_explained" time="0.001" /><testcase classname="tests.test_guard_protocol_consumers" name="test_registry_supplies_perplexity_config_in_debug_mode" time="0.002" /><testcase classname="tests.test_hallucination_guard.TestHallucinationPass" name="test_clean_text_passes" time="0.001" /><testcase classname="tests.test_hallucination_guard.TestHallucinationPass" name="test_allowed_new_canon_passes" time="0.001" /><testcase classname="tests.test_hallucination_guard.TestHallucinationFail" name="test_realm_shift_blocked" time="0.001" /><testcase classname="tests.test_hallucination_guard.TestHallucinationFail" name="test_relation_shift_blocked" time="0.001" /><testcase classname="tests.test_hallucination_guard.TestHallucinationFail" name="test_unauthorized_canon_flagged" time="0.001" /><testcase classname="tests.test_hallucination_guard.TestHallucinationFail" name="test_forgotten_state_detected" time="0.001" /><testcase classname="tests.test_ingest_appearance" name="test_disjoint_names_match_str_count" time="0.000" /><testcase classname="tests.test_ingest_appearance" name="test_name_inside_longer_name_not_miscounted" time="0.000" /><testcase classname="tests.test_ingest_appearance" name="test_multiple_independent_appearances" time="0.001" /><testcase classname="tests.test_ingest_appearance" name="test_absent_character_is_zero" time="0.001" /><testcase classname="tests.test_ingest_appearance" name="test_empty_inputs_do_not_crash" time="0.001" /><testcase classname="tests.test_ingest_appearance" name="test_mode_b_single_char_collision_excluded" time="0.000" /><testcase classname="tests.test_ingest_appearance" name="test_mode_b_real_single_char_mentions_counted" time="0.001" /><testcase classname="tests.test_ingest_appearance" name="test_mode_b_single_char_object_after_function_word" time="0.000" /><testcase classname="tests.test_ingest_appearance" name="test_mode_b_single_char_punctuation_boundary" time="0.001" /><testcase classname="tests.test_ingest_appearance" name="test_mode_b_mixed_collision_and_real_mention" time="0.001" /><testcase classname="tests.test_ingest_title" name="test_underscore_filename" time="0.001" /><testcase classname="tests.test_ingest_title" name="test_filename_without_underscore" time="0.000" /><testcase classname="tests.test_ingest_title" name="test_content_title_overrides_filename" time="0.000" /><testcase classname="tests.test_ingest_title" name="test_content_title_with_chinese_numeral" time="0.001" /><testcase classname="tests.test_ingest_title" name="test_falls_back_to_stem_when_no_title" time="0.001" /><testcase classname="tests.test_ingest_title" name="test_padded_chapter_number_filename" time="0.001" /><testcase classname="tests.test_l2_aggregators_source_guard" name="test_l2_aggregator_preserves_source_guard[scene_grounding]" time="0.002" /><testcase classname="tests.test_l2_aggregators_source_guard" name="test_l2_aggregator_preserves_source_guard[narrative_rhythm]" time="0.007" /><testcase classname="tests.test_l2_aggregators_source_guard" name="test_l2_aggregator_preserves_source_guard[dialogue_quality]" time="0.002" /><testcase classname="tests.test_l2_aggregators_source_guard" name="test_l2_aggregator_preserves_source_guard[prose_authenticity]" time="0.005" /><testcase classname="tests.test_l2_aggregators_source_guard" name="test_l2_aggregator_preserves_source_guard[reader_engagement]" time="0.053" /><testcase classname="tests.test_l2_aggregators_source_guard" name="test_adapter_finding_guard_field_is_parent" time="0.002" /><testcase classname="tests.test_mental_state" name="test_guard_importable" time="0.000" /><testcase classname="tests.test_mental_state" name="test_guard_clean_pass" time="0.098" /><testcase classname="tests.test_mental_state" name="test_guard_overplay_warn" time="0.100" /><testcase classname="tests.test_mental_state" name="test_guard_overplay_block" time="0.096" /><testcase classname="tests.test_mental_state" name="test_guard_genre_elastic" time="0.185" /><testcase classname="tests.test_mental_state" name="test_guard_deviation" time="0.096" /><testcase classname="tests.test_mental_state" name="test_guard_ptsd_not_overblocked" time="0.105" /><testcase classname="tests.test_mental_state" name="test_psychology_categories" time="0.001" /><testcase classname="tests.test_mental_state" name="test_backward_compat_constant_alias" time="0.001" /><testcase classname="tests.test_mental_state" name="test_card_psychology_structure" time="0.001" /><testcase classname="tests.test_mental_state" name="test_psychology_empty_is_valid" time="0.001" /><testcase classname="tests.test_mental_state" name="test_presets_yaml_loadable" time="0.022" /><testcase classname="tests.test_mental_state" name="test_character_agent_import" time="0.001" /><testcase classname="tests.test_ment
[...]
ests.test_show_dont_tell_guard" name="test_empty_crisis_detected" time="0.001" /><testcase classname="tests.test_show_dont_tell_guard" name="test_fate_gear_detected" time="0.001" /><testcase classname="tests.test_show_dont_tell_guard" name="test_action_expression_not_triggered" time="0.001" /><testcase classname="tests.test_show_dont_tell_guard" name="test_multiple_matches_warning" time="0.001" /><testcase classname="tests.test_skeleton_flow.TestSkeletonPre" name="test_pre_reads_volume_plan" time="0.087" /><testcase classname="tests.test_skeleton_flow.TestSkeletonPre" name="test_pre_reads_chapter_plan" time="0.084" /><testcase classname="tests.test_skeleton_flow.TestSkeletonPre" name="test_pre_chapter_no_skeleton" time="0.082" /><testcase classname="tests.test_skeleton_flow.TestVolumeSequenceCheck" name="test_volume_2_warns_when_volume_1_empty" time="0.078" /><testcase classname="tests.test_skeleton_flow.TestChapterPlansSync" name="test_ingest_updates_chapter_plans_status" time="0.100" /><testcase classname="tests.test_slot_delete_consolidation" name="test_delete_slot_default_routes_to_trash" time="0.073" /><testcase classname="tests.test_slot_delete_consolidation" name="test_delete_slot_force_is_permanent" time="0.071" /><testcase classname="tests.test_slot_delete_consolidation" name="test_delete_active_slot_protected" time="0.069" /><testcase classname="tests.test_slot_project_identity" name="test_new_slot_persists_project_slug" time="0.027" /><testcase classname="tests.test_slot_schema_heal" name="test_ensure_slot_schema_heals_missing_table_without_data_loss" time="0.069" /><testcase classname="tests.test_slot_schema_heal" name="test_ensure_db_schema_fastpath_noop_when_current" time="0.036" /><testcase classname="tests.test_slot_schema_heal" name="test_ensure_db_schema_missing_db_returns_false" time="0.003" /><testcase classname="tests.test_slot_schema_heal" name="test_ensure_tables_self_heals_partial_db" time="0.056" /><testcase classname="tests.test_story_utils" name="test_resolve_story_dir_prefers_active_slot_story" time="0.002" /><testcase classname="tests.test_story_utils" name="test_resolve_story_dir_falls_back_to_project_story" time="0.002" /><testcase classname="tests.test_style_variation_guard" name="test_split_sentences" time="0.001" /><testcase classname="tests.test_style_variation_guard" name="test_split_paragraphs" time="0.001" /><testcase classname="tests.test_style_variation_guard" name="test_count_chinese" time="0.001" /><testcase classname="tests.test_style_variation_guard" name="test_sentence_opening_repetition" time="0.001" /><testcase classname="tests.test_style_variation_guard" name="test_abstract_word_count" time="0.000" /><testcase classname="tests.test_style_variation_guard" name="test_transition_word_count" time="0.001" /><testcase classname="tests.test_style_variation_guard" name="test_normal_text_passes" time="0.001" /><testcase classname="tests.test_style_variation_guard" name="test_high_opening_repetition_warns" time="0.001" /><testcase classname="tests.test_style_variation_guard" name="test_many_abstract_words_warns" time="0.001" /><testcase classname="tests.test_style_variation_guard" name="test_many_transition_words_warns" time="0.001" /><testcase classname="tests.test_style_variation_guard" name="test_empty_text_handled" time="0.001" /><testcase classname="tests.test_style_variation_guard" name="test_report_json_fields_complete" time="0.001" /><testcase classname="tests.test_task_card_builder" name="test_get_chapter_plan_filters_by_volume_no" time="0.051" /><testcase classname="tests.test_task_card_builder" name="test_build_task_card_uses_requested_volume_plan" time="0.055" /><testcase classname="tests.test_voice_memory_schema" name="test_voice_tables_exist" time="0.031" /><testcase classname="tests.test_voice_memory_schema" name="test_migration_idempotent" time="0.032" /><testcase classname="tests.test_word_count_gate.TestChineseCount" name="test_pure_chinese" time="0.001" /><testcase classname="tests.test_word_count_gate.TestChineseCount" name="test_mixed" time="0.000" /><testcase classname="tests.test_word_count_gate.TestChineseCount" name="test_punctuation" time="0.000" /><testcase classname="tests.test_word_count_gate.TestWordCountGateV5" name="test_normal_below_min_fails" time="0.002" /><testcase classname="tests.test_word_count_gate.TestWordCountGateV5" name="test_normal_authorized_short_passes_when_allowed" time="0.001" /><testcase classname="tests.test_word_count_gate.TestWordCountGateV5" name="test_normal_too_short_still_fails_when_short_allowed" time="0.001" /><testcase classname="tests.test_word_count_gate.TestWordCountGateV5" name="test_normal_short_above_authorized_max_fails" time="0.001" /><testcase classname="tests.test_word_count_gate.TestWordCountGateV5" name="test_normal_short_fails_when_not_allowed" time="0.001" /><testcase classname="tests.test_word_count_gate.TestWordCountGateV5" name="test_normal_1900_passes" time="0.001" /><testcase classname="tests.test_word_count_gate.TestWordCountGateV5" name="test_normal_2400_ideal" time="0.001" /><testcase classname="tests.test_word_count_gate.TestWordCountGateV5" name="test_normal_3500_warns" time="0.002" /><testcase classname="tests.test_word_count_gate.TestWordCountGateV5" name="test_key_2000_passes" time="0.001" /><testcase classname="tests.test_word_count_gate.TestWordCountGateV5" name="test_climax_2300_passes" time="0.001" /><testcase classname="tests.test_word_count_gate.TestWordCountGateV5" name="test_climax_6000_oversize" time="0.002" /><testcase classname="tests.unit.api.test_custom_models" name="test_custom_model_request_accepts_future_model_id" time="0.001" /><testcase classname="tests.unit.api.test_regenerate_reasoning" name="test_regenerate_explicit_reasoning_level_is_honored" time="0.002" /><testcase classname="tests.unit.api.test_regenerate_reasoning" name="test_regenerate_reuses_the_source_messages_stored_level" time="0.001" /><testcase classname="tests.unit.api.test_regenerate_reasoning" name="test_regenerate_without_overrides_reuses_the_model_snapshot" time="0.001" /><testcase classname="tests.unit.api.test_regenerate_reasoning" name="test_regenerate_without_any_snapshot_keeps_the_default_model" time="0.001" /><testcase classname="tests.unit.api.test_regenerate_reasoning" name="test_regenerate_explicit_provider_model_still_win_over_snapshot" time="0.001" /><testcase classname="tests.unit.api.test_regenerate_reasoning" name="test_regenerate_reuses_unsupported_stored_level_verbatim" time="0.001" /><testcase classname="tests.unit.api.test_regenerate_reasoning" name="test_regenerate_explicit_level_is_validated_against_the_resolved_model" time="0.001" /><testcase classname="tests.unit.api.test_regenerate_reasoning" name="test_regenerate_explicit_unsupported_level_returns_422" time="0.001" /><testcase classname="tests.unit.api.test_regenerate_reasoning" name="test_regenerate_explicit_unknown_level_returns_422" time="0.001" /><testcase classname="tests.unit.api.test_retry_reasoning" name="test_retry_reuses_the_messages_stored_reasoning_level" time="0.001" /><testcase classname="tests.unit.api.test_retry_reasoning" name="test_retry_explicit_reasoning_level_wins_over_snapshot" time="0.001" /><testcase classname="tests.unit.api.test_retry_reasoning" name="test_retry_without_snapshot_falls_back_to_auto" time="0.001" /><testcase classname="tests.unit.api.test_retry_reasoning" name="test_retry_reuses_level_from_unsupported_snapshot" time="0.001" /><testcase classname="tests.unit.api.test_retry_reasoning" name="test_retry_without_overrides_reuses_the_model_snapshot" time="0.001" /><testcase classname="tests.unit.api.test_retry_reasoning" name="test_retry_without_any_snapshot_keeps_the_default_model" time="0.001" /><testcase classname="tests.unit.api.test_retry_reasoning" name="test_retry_explicit_provider_model_still_win_over_snapshot" time="0.001" /><testcase classname="tests.unit.api.test_retry_reasoning" name="test_retry_explicit_level_is_validated_against_the_resolved_model" time="0.001" /><testcase classname="tests.unit.api.test_retry_reasoning" name="test_retry_explicit_unsupported_level_returns_422_before_requeue" time="0.001" /><testcase classname="tests.unit.api.test_retry_reasoning" name="test_retry_explicit_unknown_level_returns_422" time="0.001" /><testcase classname="tests.unit.api.test_retry_reasoning" name="test_reasoning_level_resolution_has_a_single_canonical_home" time="0.001" /><testcase classname="tests.unit.api.test_retry_reasoning" name="test_target_model_resolution_has_a_single_canonical_home" time="0.001" /><testcase classname="tests.unit.api.test_security_config" name="test_logout_rejects_cross_origin_cookie_requests" time="0.021" /><testcase classname="tests.unit.application.test_conversation_use_cases" name="test_send_message_commits_user_and_pending_assistant_before_queueing" time="0.002" /><testcase classname="tests.unit.application.test_terminal_state" name="test_generation_without_output_is_failed" time="0.001" /><testcase classname="tests.unit.application.test_terminal_state" name="test_generation_with_output_is_partial" time="0.001" /><testcase classname="tests.unit.application.test_usage_query" name="test_usage_summary_keeps_actual_and_estimated_buckets_separate" time="0.001" /><testcase classname="tests.unit.application.test_workflow_control" name="test_resume_requeues_the_durable_workflow_command" time="0.001" /><testcase classname="tests.unit.application.test_workflow_control" name="test_retry_requeues_failed_workflow" time="0.001" /><testcase classname="tests.unit.application.test_workflow_control" name="test_worker_stops_at_cancel_safe_points" time="0.001" /><testcase classname="tests.unit.application.test_workflow_control_idempotency" name="test_duplicate_pause_key_replays_first_result_without_side_effects" time="0.001" /><testcase classname="tests.unit.application.test_workflow_control_idempotency" name="test_duplicate_resume_key_returns_first_task_without_reenqueue" time="0.001" /><testcase classname="tests.unit.application.test_workflow_control_idempotency" name="test_competing_key_is_a_new_command_and_conflicts" time="0.001" /><testcase classname="tests.unit.application.test_workflow_control_idempotency" name="test_missing_key_keeps_legacy_non_idempotent_behavior" time="0.001" /><testcase classname="tests.unit.auth.test_admin_access" name="test_only_admin_users_can_run_maintenance_actions" time="0.001" /><testcase classname="tests.unit.auth.test_admin_access" name="test_admin_maintenance_recovers_expired_workflows_and_commits" time="0.001" /><testcase classname="tests.unit.auth.test_auth_service" name="test_password_hash_and_jwt_round_trip" time="0.174" /><testcase classname="tests.unit.auth.test_auth_service" name="test_short_password_rejected" time="0.001" /><testcase classname="tests.unit.cli.test_backup_cli" name="test_database_dump_normalizes_asyncpg_url" time="0.001" /><testcase classname="tests.unit.context.test_budgeting" name="test_budget_reserves_output_provider_and_margin" time="0.001" /><testcase classname="tests.unit.conversations.test_compare_branches" name="test_compare_keeps_branch_candidates_separate" time="0.001" /><testcase classname="tests.unit.conversations.test_compare_branches" name="test_compare_returns_message_level_diff_entries" time="0.001" /><testcase classname="tests.unit.conversations.test_compare_branches" name="test_compare_identical_branches_have_empty_tails" time="0.001" /><testcase classname="tests.unit.conversations.test_compare_branches" name="test_compare_does_not_mutate_inputs" time="0.002" /><testcase classname="tests.unit.conversations.test_compile_chat_context" name="test_pinned_facts_are_injected_into_system_blocks" time="0.003" /><testcase classname="tests.unit.conversations.test_compile_chat_context" name="test_oldest_messages_are_trimmed_first_when_over_budget" time="0.002" /><testcase classname="tests.unit.conversations.test_compile_chat_context" name="test_snapshot_persists_blocks_injected_ids_and_omitted" time="0.002" /><testcase classname="tests.unit.conversations.test_compile_chat_context" name="test_unsupported_reasoning_snapshot_is_carried_through" time="0.002" /><testcase classname="tests.unit.conversations.test_compile_chat_context" name="test_triggered_facts_are_injected_but_unmatched_facts_do_not_consume_budget" time="0.002" /><testcase classname="tests.unit.conversations.test_compile_chat_context" name="test_pinned_fact_survives_budget_pressure_before_triggered_fact" time="0.002" /><testcase classname="tests.unit.conversations.test_edit_message" name="test_edit_creates_branch_and_preserves_original" time="0.002" /><testcase classname="tests.unit.conversations.test_generate_reply_events" name="test_started_and_completed_events_wrap_the_stream" time="0.002" /><testcase classname="tests.unit.conversations.test_generate_reply_events" name="test_failed_event_is_published_after_terminal_status" time="0.002" /><testcase classname="tests.unit.conversations.test_generate_reply_events" name="test_completion_without_provider_usage_records_missing_source" time="0.002" /><testcase classname="tests.unit.conversations.test_generate_reply_events" name="test_provider_usage_is_not_overwritten_with_missing" time="0.002" /><testcase classname="tests.unit.conversations.test_regenerate_reply" name="test_regenerate_appends_sibling_with_incremented_attempt" time="0.002" /><testcase classname="tests.unit.conversations.test_regenerate_reply" name="test_regenerate_enqueues_the_resolved_reasoning_level" time="0.002" /><testcase classname="tests.unit.conversations.test_regenerate_reply" name="test_regenerate_third_candidate_gets_attempt_three" time="0.001" /><testcase classname="tests.unit.conversations.test_regenerate_reply" name="test_regenerate_locks_parent_before_counting" time="0.001" /><testcase classname="tests.unit.conversations.test_regenerate_reply" name="test_sequential_regenerates_increment_attempts_under_lock" time="0.001" /><testcase classname="tests.unit.domain.test_common_types" name="test_new_id_is_lexically_sortable_string" time="0.001" /><testcase classname="tests.unit.domain.test_common_types" name="test_operation_result_success" time="0.001" /><testcase classname="tests.unit.domain.test_port_contracts" name="test_model_provider_defines_stream_and_list_models" time="0.001" /><testcase classname="tests.unit.domain.test_usage_pricing" name="test_pricing_uses_model_catalog_rates_and_keeps_unknown_cost_null" time="0.001" /><testcase classname="tests.unit.infrastructure.test_celery_queue" name="test_celery_queue_returns_broker_task_id" time="0.001" /><testcase classname="tests.unit.models.test_context_window" name="test_catalog_window_wins_over_floor" time="0.001" /><testcase classname="tests.unit.models.test_context_window" name="test_unknown_snapshot_falls_back_to_conservative_floor_and_records_source" time="0.001" /><testcase classname="tests.unit.models.test_context_window" name="test_invalid_window_values_fall_back_and_are_recorded[snapshot0]" time="0.001" /><testcase classname="tests.unit.models.test_context_window" name="test_invalid_window_values_fall_back_and_are_recorded[snapshot1]" time="0.001" /><testcase classname="tests.unit.models.test_context_window" name="test_invalid_window_values_fall_back_and_are_recorded[snapshot2]" time="0.001" /><testcase classname="tests.unit.models.test_context_window" name="test_invalid_window_values_fall_back_and_are_recorded[snapshot3]" time="0.001" /><testcase classname="tests.unit.models.test_context_window" name="test_invalid_window_values_fall_back_and_are_recorded[snapshot4]" time="0.001" /><testcase classname="tests.unit.models.test_context_window" name="test_custom_floor_is_respected" time="0.001" /><testcase classname="tests.unit.models.test_context_window" name="test_catalog_model_snapshot_reads_catalog_values" time="0.001" /><testcase classname="tests.unit.models.test_context_window" name="test_catalog_model_snapshot_unknown_model_is_recorded_fallback" time="0.001" /><testcase classname="tests.unit.models.test_context_window" name="test_default_catalog_snapshot_uses_smallest_available_window" time="0.001" /><testcase classname="tests.unit.models.test_context_window" name="test_default_catalog_snapshot_empty_catalog_returns_none" time="0.001" /><testcase classname="tests.unit.models.test_reasoning_policy" name="test_auto_does_not_claim_deep_reasoning" time="0.001" /><testcase classname="tests.unit.operations.test_backup_database_restore" name="test_database_restore_requires_staging_target" time="0.003" /><testcase classname="tests.unit.operations.test_backup_database_restore" name="test_database_restore_executes_verified_dump_into_staging" time="0.003" /><testcase classname="tests.unit.operations.test_blob_verification" name="test_blob_verification_reports_missing_and_valid_objects" time="0.001" /><testcase classname="tests.unit.operations.test_blob_verification" name="test_maintenance_audit_contains_actor_and_result" time="0.001" /><testcase classname="tests.unit.operations.test_startup_check" name="test_startup_check_creates_required_roots" time="0.002" /><testcase classname="tests.unit.providers.test_capabilities" name="test_capability_error_lists_exact_missing_features" time="0.001" /><testcase classname="tests.unit.providers.test_capabilities" name="test_capability_error_reports_modality_and_context_overflow" time="0.001" /><testcase classname="tests.unit.providers.test_capabilities" name="test_capability_error_reports_unsupported_input_modality" time="0.001" /><testcase classname="tests.unit.providers.test_credential_service" name="test_credential_service_never_returns_plaintext" time="0.001" /><testcase classname="tests.unit.providers.test_error_classification" name="test_provider_errors_are_classified_for_retry_and_user_feedback" time="0.001" /><testcase classname="tests.unit.providers.test_registry" name="test_duplicate_provider_id_is_rejected" time="0.001" /><testcase classname="tests.unit.providers.test_registry_bootstrap" name="test_application_registers_supported_provider_families" time="0.003" /><testcase classname="tests.unit.quality.test_quality_service" name="test_quality_service_blocks_when_analyzer_fails" time="0.001" /><testcase classname="tests.unit.revision.test_proposal" name="test_proposal_requires_fresh_base_and_never_mutates_source" time="0.001" /><testcase classname="tests.unit.security.test_credential_cipher" name="test_cipher_round_trip_and_tamper_rejection" time="0.001" /><testcase classname="tests.unit.security.test_endpoint_policy" name="test_endpoint_policy_rejects_private_and_userinfo_urls" time="0.001" /><testcase classname="tests.unit.story_bible.test_service" name="test_match_triggers_keeps_pins_and_only_matching_entries" time="0.001" /><testcase classname="tests.unit.story_bible.test_service" name="test_promise_rejects_terminal_state_transition_with_allowed_values" time="0.001" /><testcase classname="tests.unit.test_package_entrypoints" name="test_api_app_exists" time="0.001" /><testcase classname="tests.unit.test_package_entrypoints" name="test_cli_main_is_callable" time="0.001" /><testcase classname="tests.unit.test_settings" name="test_production_rejects_placeholder_secrets" time="0.002" /><testcase classname="tests.unit.test_settings" name="test_development_allows_local_defaults" time="0.002" /><testcase classname="tests.unit.workflow.test_definition" name="test_definition_rejects_unknown_edges" time="0.001" /><testcase classname="tests.unit.workflows.test_celery_reliability" name="test_worker_lost_tasks_are_requeued_after_restart" time="0.002" /><testcase classname="tests.unit.writing.test_export_service" name="test_docx_is_a_readable_package" time="0.002" /><testcase classname="tests.unit.writing.test_export_service" name="test_epub_has_uncompressed_mimetype_first" time="0.001" /><testcase classname="tests.unit.writing.test_export_service" name="test_docx_and_epub_include_export_metadata" time="0.013" /></testsuite></testsuites>