<?xml version="1.0" encoding="utf-8"?><testsuites name="pytest tests"><testsuite name="pytest" errors="0" failures="0" skipped="0" tests="43" time="0.536" timestamp="2026-07-20T15:38:08.449116+00:00" hostname="52a51699d0b5"><testcase classname="tests.contract.providers.test_chat_completions_providers" name="test_chat_provider_contract_preserves_unknown_models_and_streams[BaiduProvider]" time="0.025" /><testcase classname="tests.contract.providers.test_chat_completions_providers" name="test_chat_provider_contract_preserves_unknown_models_and_streams[DashScopeProvider]" time="0.021" /><testcase classname="tests.contract.providers.test_chat_completions_providers" name="test_chat_provider_contract_preserves_unknown_models_and_streams[DeepSeekProvider]" time="0.020" /><testcase classname="tests.contract.providers.test_chat_completions_providers" name="test_chat_provider_contract_preserves_unknown_models_and_streams[KimiProvider]" time="0.020" /><testcase classname="tests.contract.providers.test_chat_completions_providers" name="test_chat_provider_contract_preserves_unknown_models_and_streams[MiniMaxProvider]" time="0.019" /><testcase classname="tests.contract.providers.test_chat_completions_providers" name="test_chat_provider_contract_preserves_unknown_models_and_streams[MistralProvider]" time="0.020" /><testcase classname="tests.contract.providers.test_chat_completions_providers" name="test_chat_provider_contract_preserves_unknown_models_and_streams[TencentProvider]" time="0.022" /><testcase classname="tests.contract.providers.test_chat_completions_providers" name="test_chat_provider_contract_preserves_unknown_models_and_streams[VolcEngineProvider]" time="0.018" /><testcase classname="tests.contract.providers.test_chat_completions_providers" name="test_chat_provider_contract_preserves_unknown_models_and_streams[XAIProvider]" time="0.017" /><testcase classname="tests.contract.providers.test_chat_completions_providers" name="test_chat_provider_contract_preserves_unknown_models_and_streams[ZhipuProvider]" time="0.018" /><testcase classname="tests.contract.providers.test_cohere_provider" name="test_cohere_native_v2_models_and_event_sse" time="0.018" /><testcase classname="tests.contract.providers.test_native_provider_contracts" name="test_anthropic_uses_messages_api_headers_and_sse" time="0.018" /><testcase classname="tests.contract.providers.test_native_provider_contracts" name="test_google_uses_gemini_streaming_endpoint_and_api_key_header" time="0.019" /><testcase classname="tests.contract.providers.test_ollama_provider" name="test_ollama_native_tags_and_ndjson_chat" time="0.018" /><testcase classname="tests.contract.providers.test_openai_provider" name="test_openai_models_preserve_unknown_ids" time="0.010" /><testcase classname="tests.contract.providers.test_openai_provider" name="test_openai_response_stream_normalizes_events" time="0.011" /><testcase classname="tests.contract.providers.test_provider_family" name="test_provider_ids_are_explicit_and_local_defaults_are_container_names" time="0.000" /><testcase classname="tests.contract.providers.test_reasoning_mapping" name="test_openai_reasoning_effort_maps_levels_to_effort_words" time="0.000" /><testcase classname="tests.contract.providers.test_reasoning_mapping" name="test_openai_max_clamps_to_high_and_records_warning" time="0.000" /><testcase classname="tests.contract.providers.test_reasoning_mapping" name="test_anthropic_thinking_maps_to_budget_tokens" time="0.000" /><testcase classname="tests.contract.providers.test_reasoning_mapping" name="test_anthropic_max_budget_stays_strictly_below_max_tokens" time="0.000" /><testcase classname="tests.contract.providers.test_reasoning_mapping" name="test_anthropic_standard_budget_hits_provider_minimum_and_stays_valid" time="0.000" /><testcase classname="tests.contract.providers.test_reasoning_mapping" name="test_anthropic_thinking_disabled_when_max_output_below_provider_minimum" time="0.000" /><testcase classname="tests.contract.providers.test_reasoning_mapping" name="test_google_thinking_budget_maps_to_integer_tokens" time="0.000" /><testcase classname="tests.contract.providers.test_reasoning_mapping" name="test_unknown_parameter_passes_strength_through" time="0.000" /><testcase classname="tests.contract.providers.test_reasoning_mapping" name="test_auto_never_claims_a_provider_parameter" time="0.000" /><testcase classname="tests.contract.providers.test_reasoning_mapping" name="test_unsupported_level_raises_instead_of_silent_downgrade" time="0.001" /><testcase classname="tests.contract.providers.test_reasoning_mapping" name="test_openai_wire_payload_carries_reasoning_effort" time="0.011" /><testcase classname="tests.contract.providers.test_reasoning_mapping" name="test_openai_wire_payload_passes_unknown_reasoning_keys_through_flat" time="0.010" /><testcase classname="tests.contract.providers.test_reasoning_mapping" name="test_openai_wire_payload_omits_reasoning_when_none" time="0.010" /><testcase classname="tests.contract.providers.test_reasoning_mapping" name="test_anthropic_wire_payload_carries_thinking" time="0.010" /><testcase classname="tests.contract.providers.test_reasoning_mapping" name="test_anthropic_wire_payload_omits_thinking_when_none" time="0.010" /><testcase classname="tests.contract.providers.test_reasoning_mapping" name="test_google_wire_payload_carries_thinking_budget" time="0.010" /><testcase classname="tests.contract.providers.test_reasoning_mapping" name="test_google_wire_payload_omits_thinking_budget_when_none" time="0.011" /><testcase classname="tests.contract.providers.test_reasoning_mapping" name="test_google_wire_payload_passes_unknown_reasoning_keys_through_flat" time="0.014" /><testcase classname="tests.contract.providers.test_usage_normalization" name="test_google_usage_metadata_maps_to_common_usage_delta" time="0.001" /><testcase classname="tests.contract.providers.test_usage_normalization" name="test_missing_usage_is_explicitly_estimated" time="0.000" /><testcase classname="tests.contract.providers.test_usage_normalization" name="test_provider_response_without_any_usage_is_missing_not_provider" time="0.000" /><testcase classname="tests.contract.providers.test_usage_normalization" name="test_empty_usage_dict_is_missing_not_provider" time="0.000" /><testcase classname="tests.contract.providers.test_usage_normalization" name="test_ollama_without_eval_counters_is_missing" time="0.000" /><testcase classname="tests.contract.providers.test_usage_normalization" name="test_ollama_eval_counters_are_provider_usage" time="0.000" /><testcase classname="tests.contract.providers.test_usage_normalization" name="test_google_without_usage_metadata_is_missing" time="0.000" /><testcase classname="tests.contract.providers.test_usage_normalization" name="test_estimated_stays_estimated_even_without_usage" time="0.001" /></testsuite></testsuites>