<?xml version="1.0" encoding="utf-8"?><testsuites name="pytest tests"><testsuite name="pytest" errors="0" failures="0" skipped="0" tests="24" time="15.712" timestamp="2026-07-20T15:38:13.388463+00:00" hostname="5f294f5aad97"><testcase classname="tests.migration.test_legacy_import" name="test_legacy_import_preserves_latest_content_hash" time="0.032" /><testcase classname="tests.migration.test_workflow_recovery_migration" name="test_workflow_recovery_migration_declares_missing_table_repair" time="0.001" /><testcase classname="tests.integration.database.test_attachments" name="test_attachment_listing_is_owner_scoped" time="0.235" /><testcase classname="tests.integration.database.test_attachments_persistence" name="test_attachment_lookup_is_owner_scoped" time="0.709" /><testcase classname="tests.integration.database.test_chapter_version_concurrency" name="test_concurrent_chapter_versions_get_distinct_numbers" time="0.764" /><testcase classname="tests.integration.database.test_chapter_version_controls" name="test_chapter_versions_can_be_selected_by_owner" time="0.745" /><testcase classname="tests.integration.database.test_chapter_versions" name="test_same_content_hash_does_not_create_second_version" time="0.738" /><testcase classname="tests.integration.database.test_context_snapshots" name="test_context_snapshot_is_durable_and_owner_scoped" time="0.723" /><testcase classname="tests.integration.database.test_conversation_branch_isolation" name="test_branch_fork_point_must_belong_to_same_conversation" time="0.726" /><testcase classname="tests.integration.database.test_conversation_branches" name="test_branch_inherits_only_to_fork_point" time="0.739" /><testcase classname="tests.integration.database.test_credentials" name="test_credentials_are_owner_scoped" time="0.786" /><testcase classname="tests.integration.database.test_credentials_upsert" name="test_provider_credentials_upsert_without_creating_duplicates" time="0.805" /><testcase classname="tests.integration.database.test_event_stream" name="test_database_event_stream_replays_after_last_event" time="0.741" /><testcase classname="tests.integration.database.test_event_stream" name="test_database_event_stream_allocates_unique_ids_for_concurrent_publishers" time="0.787" /><testcase classname="tests.integration.database.test_message_chunks" name="test_duplicate_chunk_is_idempotent" time="0.764" /><testcase classname="tests.integration.database.test_message_chunks" name="test_duplicate_client_request_reuses_existing_assistant" time="0.725" /><testcase classname="tests.integration.database.test_model_catalog" name="test_model_catalog_upsert_and_list_is_durable" time="0.735" /><testcase classname="tests.integration.database.test_model_usage" name="test_usage_records_are_durable_and_idempotent" time="0.747" /><testcase classname="tests.integration.database.test_project_repository" name="test_project_repository_round_trip" time="0.751" /><testcase classname="tests.integration.database.test_project_status" name="test_project_can_be_archived_and_restored" time="0.727" /><testcase classname="tests.integration.database.test_remaining_schema" name="test_remaining_schema_is_present" time="0.728" /><testcase classname="tests.integration.database.test_uow" name="test_uow_rolls_back_uncommitted_project" time="0.056" /><testcase classname="tests.integration.database.test_workflow_repository" name="test_workflow_events_and_transitions_are_durable" time="0.740" /><testcase classname="tests.integration.database.test_workflow_repository" name="test_workflow_lease_checkpoint_recovery_and_cost_guard" time="0.791" /></testsuite></testsuites>