<?xml version="1.0" encoding="utf-8"?><testsuites name="pytest tests"><testsuite name="pytest" errors="0" failures="0" skipped="0" tests="408" time="57.847" timestamp="2026-07-20T15:35:56.328222+00:00" hostname="96815a3a5980"><testcase classname="tests.test_agents_smoke" name="test_individual_agents_return_standard_shape" time="0.006" /><testcase classname="tests.test_agents_smoke" name="test_chief_editor_aggregates_six_merged_agents" time="0.004" /><testcase classname="tests.test_agents_smoke" name="test_orchestrator_light_mode_runs_three_agents" time="0.004" /><testcase classname="tests.test_agents_smoke" name="test_orchestrator_full_mode_runs_six_agents" time="0.004" /><testcase classname="tests.test_agents_smoke" name="test_character_agent_loads_psychologies_from_repo_root" time="0.001" /><testcase classname="tests.test_agents_smoke" name="test_character_psychology_guard_loads_genre_presets" time="0.024" /><testcase classname="tests.test_anti_ai_registry_entry" name="test_anti_ai_subcheck_runs_via_prose_authenticity" time="0.005" /><testcase classname="tests.test_anti_ai_registry_entry" name="test_anti_ai_not_a_b_with_evidence_no_warn" time="0.001" /><testcase classname="tests.test_application_service" name="test_pipeline_service_routes_pre_through_pipeline_context" time="0.003" /><testcase classname="tests.test_canon_evidence_guard.TestCanonEvidencePass" name="test_no_hard_claims_passes" time="0.005" /><testcase classname="tests.test_canon_evidence_guard.TestCanonEvidencePass" name="test_task_card_allowed_passes" time="0.001" /><testcase classname="tests.test_canon_evidence_guard.TestCanonEvidencePass" name="test_soft_detail_passes" time="0.001" /><testcase classname="tests.test_canon_evidence_guard.TestCanonEvidenceFail" name="test_unsupported_realm_shift" time="0.001" /><testcase classname="tests.test_canon_evidence_guard.TestCanonEvidenceFail" name="test_unsupported_faction_appearance" time="0.001" /><testcase classname="tests.test_canon_evidence_guard.TestCanonEvidenceFail" name="test_new_power_without_source" time="0.001" /><testcase classname="tests.test_character_mentions_shared" name="test_shared_matcher_applies_mode_a_and_mode_b" time="0.001" /><testcase classname="tests.test_character_mentions_shared" name="test_chapter_context_ignores_single_char_collision_mentions" time="0.001" /><testcase classname="tests.test_character_mentions_shared" name="test_chapter_context_uses_real_character_mentions" time="0.001" /><testcase classname="tests.test_character_mentions_shared" name="test_chapter_context_relationships_use_real_mentions" time="0.001" /><testcase classname="tests.test_character_mentions_shared" name="test_chapter_context_relationships_ignore_collision_mentions" time="0.001" /><testcase classname="tests.test_character_mentions_shared" name="test_character_agent_segments_ignore_single_char_collisions" time="0.001" /><testcase classname="tests.test_character_mentions_shared" name="test_character_agent_segments_ignore_longer_name_overlap" time="0.001" /><testcase classname="tests.test_character_voice_guard" name="test_empty_content" time="0.001" /><testcase classname="tests.test_character_voice_guard" name="test_normal_text_passes" time="0.001" /><testcase classname="tests.test_character_voice_guard" name="test_forbidden_words_detected" time="0.001" /><testcase classname="tests.test_character_voice_guard" name="test_voice_profiles_loaded" time="0.001" /><testcase classname="tests.test_character_voice_guard" name="test_match_pack_markers" time="0.002" /><testcase classname="tests.test_classical_register_guard" name="test_low_wenyan_passes" time="0.001" /><testcase classname="tests.test_classical_register_guard" name="test_high_wenyan_detected" time="0.001" /><testcase classname="tests.test_classical_register_guard" name="test_law_text_context" time="0.001" /><testcase classname="tests.test_classical_register_guard" name="test_raw_classical_block_without_reaction" time="0.001" /><testcase classname="tests.test_compliance_selfcheck_guard" name="test_check_category_no_match" time="0.001" /><testcase classname="tests.test_compliance_selfcheck_guard" name="test_check_category_medium_match" time="0.001" /><testcase classname="tests.test_compliance_selfcheck_guard" name="test_normal_text_passes" time="0.001" /><testcase classname="tests.test_compliance_selfcheck_guard" name="test_explicit_sexual_triggers_block" time="0.001" /><testcase classname="tests.test_compliance_selfcheck_guard" name="test_extreme_gore_triggers_block" time="0.001" /><testcase classname="tests.test_compliance_selfcheck_guard" name="test_ad_spam_triggers_block" time="0.001" /><testcase classname="tests.test_compliance_selfcheck_guard" name="test_political_sensitivity_triggers_block" time="0.001" /><testcase classname="tests.test_compliance_selfcheck_guard" name="test_mild_gore_only_warns" time="0.001" /><testcase classname="tests.test_compliance_selfcheck_guard" name="test_empty_text_handled" time="0.001" /><testcase classname="tests.test_compliance_selfcheck_guard" name="test_report_json_fields_complete" time="0.001" /><testcase classname="tests.test_concrete_anchor_guard" name="test_detect_object_anchors" time="0.001" /><testcase classname="tests.test_concrete_anchor_guard" name="test_detect_object_anchors_empty" time="0.001" /><testcase classname="tests.test_concrete_anchor_guard" name="test_detect_body_actions" time="0.001" /><testcase classname="tests.test_concrete_anchor_guard" name="test_detect_scene_anchors" time="0.001" /><testcase classname="tests.test_concrete_anchor_guard" name="test_detect_visible_consequences" time="0.001" /><testcase classname="tests.test_concrete_anchor_guard" name="test_split_into_windows" time="0.001" /><testcase classname="tests.test_concrete_anchor_guard" name="test_split_into_windows_empty" time="0.001" /><testcase classname="tests.test_concrete_anchor_guard" name="test_analyze_windows_rich_text" time="0.001" /><testcase classname="tests.test_concrete_anchor_guard" name="test_analyze_windows_empty" time="0.001" /><testcase classname="tests.test_concrete_anchor_guard" name="test_normal_rich_text_passes" time="0.004" /><testcase classname="tests.test_concrete_anchor_guard" name="test_pure_abstract_text_triggers_warning" time="0.001" /><testcase classname="tests.test_concrete_anchor_guard" name="test_short_text_does_not_crash" time="0.001" /><testcase classname="tests.test_concrete_anchor_guard" name="test_empty_text_handled" time="0.001" /><testcase classname="tests.test_concrete_anchor_guard" name="test_report_json_fields_complete" time="0.001" /><testcase classname="tests.test_concrete_anchor_guard" name="test_hard_fail_always_false" time="0.001" /><testcase classname="tests.test_config_load.TestConfigLoad" name="test_default_config" time="0.002" /><testcase classname="tests.test_config_load.TestConfigLoad" name="test_load_config_file" time="0.002" /><testcase classname="tests.test_config_load.TestConfigLoad" name="test_gates_word_count_no_longer_overrides_word_count" time="0.001" /><testcase classname="tests.test_config_load.TestConfigLoad" name="test_example_config_uses_canonical_word_count_only" time="0.001" /><testcase classname="tests.test_config_load.TestConfigLoad" name="test_example_config_default_paths_match_code_constants" time="0.001" /><testcase classname="tests.test_consequence_lexicon_integration" name="test_consequence_lexicon_counts_narrative_costs" time="0.001" /><testcase classname="tests.test_consequence_lexicon_integration" name="test_scene_causality_accepts_narrative_costs" time="0.002" /><testcase classname="tests.test_consequence_lexicon_integration" name="test_concrete_anchor_accepts_narrative_costs" time="0.001" /><testcase classname="tests.test_context_injection_compat" name="test_context_injection_handles_legacy_database_without_table" time="0.002" /><testcase classname="tests.test_context_injection_compat" name="test_ensure_chapter_contexts_table_upgrades_legacy_database" time="0.001" /><testcase classname="tests.test_continuity_evidence_guard.TestContinuityEvidencePass" name="test_first_chapter_auto_pass" time="0.001" /><testcase classname="tests.test_continuity_evidence_guard.TestContinuityEvidencePass" name="test_clean_continuity_passes" time="0.003" /><testcase classname="tests.test_continuity_evidence_guard.TestContinuityEvidencePass" name="test_injury_carried_forward" time="0.001" /><testcase classname="tests.test_continuity_evidence_guard.TestContinuityEvidenceFail" name="test_missing_tail_used" time="0.001" /><testcase classname="tests.test_continuity_evidence_guard.TestContinuityEvidenceFail" name="test_discovery_hooks_missing" time="0.001" /><testcase classname="tests.test_continuity_evidence_guard.TestContinuityEvidenceFail" name="test_location_discontinuity" time="0.001" /><testcase classname="tests.test_dialogue_beat_guard" name="test_scene_with_beats_passes" time="0.001" /><testcase classname="tests.test_dialogue_beat_guard" name="test_scene_with_misunderstanding_cost" time="0.001" /><testcase classname="tests.test_dialogue_beat_guard" name="test_pure_explanation_fails" time="0.001" /><testcase classname="tests.test_dialogue_beat_guard" name="test_empty_content" time="0.001" /><testcase classname="tests.test_dialogue_naturalness_entrypoint" name="test_dialogue_structure_entrypoint_exists" time="0.001" /><testcase classname="tests.test_dialogue_naturalness_entrypoint" name="test_dialogue_structure_check_runs" time="0.002" /><testcase classname="tests.test_dialogue_naturalness_guard" name="test_extract_dialogue_lines" time="0.001" /><testcase classname="tests.test_dialogue_naturalness_guard" name="test_count_interruptions" time="0.001" /><testcase classname="tests.test_dialogue_naturalness_guard" name="test_count_unfinished_sentences" time="0.001" /><testcase classname="tests.test_dialogue_naturalness_guard" name="test_count_action_beats" time="0.001" /><testcase classname="tests.test_dialogue_naturalness_guard" name="test_ai_explain_now_in_anti_ai_guard" time="0.001" /><testcase classname="tests.test_dialogue_naturalness_guard" name="test_normal_dialogue_passes" time="0.001" /><testcase classname="tests.test_dialogue_naturalness_guard" name="test_all_complete_sentences_warns" time="0.001" /><testcase classname="tests.test_dialogue_naturalness_guard" name="test_empty_text_handled" time="0.001" /><testcase classname="tests.test_dialogue_naturalness_guard" name="test_report_json_fields_complete" time="0.001" /><testcase classname="tests.test_editor_revision_guard" name="test_count_chinese" time="0.001" /><testcase classname="tests.test_editor_revision_guard" name="test_split_sentences" time="0.001" /><testcase classname="tests.test_editor_revision_guard" name="test_split_paragraphs" time="0.001" /><testcase classname="tests.test_editor_revision_guard" name="test_over_explained_normal_text_passes" time="0.001" /><testcase classname="tests.test_editor_revision_guard" name="test_over_explained_template_text" time="0.001" /><testcase classname="tests.test_editor_revision_guard" name="test_revision_texture_varied_text" time="0.001" /><testcase classname="tests.test_editor_revision_guard" name="test_revision_texture_flat_text" time="0.001" /><testcase classname="tests.test_editor_revision_guard" name="test_normal_text_generates_pass" time="0.001" /><testcase classname="tests.test_editor_revision_guard" name="test_template_text_triggers_warning" time="0.001" /><testcase classname="tests.test_editor_revision_guard" name="test_short_text_does_not_crash" time="0.001" /><testcase classname="tests.test_editor_revision_guard" name="test_empty_text_handled" time="0.001" /><testcase classname="tests.test_editor_revision_guard" name="test_report_json_fields_complete" time="0.001" /><testcase classname="tests.test_editor_revision_guard" name="test_hard_fail_always_false" time="0.001" /><testcase classname="tests.test_end_to_end_demo.TestEndToEndFlow" name="test_ingest_marks_partial_failure_when_enrichment_crashes" time="0.077" /><testcase classname="tests.test_end_to_end_demo.TestEndToEndFlow" name="test_full_ch1_cycle" time="5.495" /><testcase classname="tests.test_end_to_end_demo.TestEndToEndFlow" name="test_volume_post_generates_report" time="0.114" /><testcase classname="tests.test_english_pack_safety" name="test_physics_english_allowed" time="0.002" /><testcase classname="tests.test_english_pack_safety" name="test_casual_english_banned" time="0.001" /><testcase classname="tests.test_english_pack_safety" name="test_system_english_in_boss_dialogue" time="0.001" /><testcase classname="tests.test_explicit_slot_context" name="test_pipeline_context_can_bind_explicit_slot_without_active_slot" time="0.004" /><testcase classname="tests.test_explicit_slot_context" name="test_pipeline_context_rejects_unknown_explicit_slot" time="0.002" /><testcase classname="tests.test_export_error_visibility" name="test_export_novel_lookup_failure_is_not_treated_as_missing_novel" time="0.001" /><testcase classname="tests.test_export_error_visibility" name="test_export_chapter_query_failure_is_not_treated_as_empty_export" time="0.001" /><testcase classname="tests.test_final_submission_report" name="test_all_pass_yields_ready" time="0.001" /><testcase classname="tests.test_final_submission_report" name="test_some_warnings_yields_need_revision" time="0.001" /><testcase classname="tests.test_final_submission_report" name="test_any_block_yields_blocked" time="0.001" /><testcase classname="tests.test_final_submission_report" name="test_empty_reports_handled" time="0.001" /><testcase classname="tests.test_final_submission_report" name="test_top_revision_tasks_extraction" time="0.001" /><testcase classname="tests.test_final_submission_report" name="test_aggregate_structure_complete" time="0.001" /><testcase classname="tests.test_formal_cli" name="test_doctor_returns_machine_readable_health" time="0.004" /><testcase classname="tests.test_formal_cli" name="test_project_create_activates_and_persists_slug" time="0.037" /><testcase classname="tests.test_formal_cli" name="test_chapter_pre_uses_active_project_defaults" time="0.006" /><testcase classname="tests.test_fts_chunk_rowid" name="test_chunk_fts_rowid_aligns_to_base_id" time="0.116" /><testcase classname="tests.test_fts_chunk_rowid" name="test_stored_fts_rowids_enrich_nonempty" time="0.104" /><testcase classname="tests.test_fts_chunk_rowid" name="test_reingest_no_orphan_or_dup_fts" time="0.113" /><testcase classname="tests.test_fts_chunk_rowid" name="test_reingest_same_content_is_idempotent" time="0.117" /><testcase classname="tests.test_fts_chunk_rowid" name="test_registry_slot_json_atomic_no_tmp" time="0.035" /><testcase classname="tests.test_fts_health" name="test_safe_ident_accepts_valid_table_and_column_names" time="0.001" /><testcase classname="tests.test_fts_health" name="test_safe_ident_rejects_injection_like[x; DROP TABLE chapters]" time="0.001" /><testcase classname="tests.test_fts_health" name="test_safe_ident_rejects_injection_like[a b]" time="0.001" /><testcase classname="tests.test_fts_health" name="test_safe_ident_rejects_injection_like[tbl)]" time="0.001" /><testcase classname="tests.test_fts_health" name="test_safe_ident_rejects_injection_like[1table]" time="0.001" /><testcase classname="tests.test_fts_health" name="test_safe_ident_rejects_injection_like[]" time="0.001" /><testcase classname="tests.test_fts_health" name="test_safe_ident_rejects_injection_like[content,]" time="0.001" /><testcase classname="tests.test_fts_health" name="test_check_fts_health_reports_healthy_state" time="0.036" /><testcase classname="tests.test_fts_health" name="test_ensure_fts_healthy_reports_structured_noop" time="0.034" /><testcase classname="tests.test_fts_health" name="test_ensure_fts_healthy_reports_missing_db" time="0.002" /><testcase classname="tests.test_guard_crash_regression" name="test_standard_guards_do_not_crash" time="0.147" /><testcase classname="tests.test_guard_crash_regression" name="test_standard_and_submission_guard_sets_are_intentional" time="0.001" /><testcase classname="tests.test_guard_crash_regression" name="test_continuity_evidence_no_str_int_error" time="0.001" /><testcase classname="tests.test_guard_entry_consistency" name="test_registry_and_orchestrated_warning_count_consistent" time="0.195" /><testcase classname="tests.test_guard_entry_consistency" name="test_guard_registry_validation_passes" time="0.002" /><testcase classname="tests.test_guard_entry_consistency" name="test_legacy_entry_preserves_chapter_type" time="0.001" /><testcase classname="tests.test_guard_observability" name="test_crashed_guards_collected_in_summary" time="0.001" /><testcase classname="tests.test_guard_observability" name="test_crashed_guards_survive_save_load" time="0.002" /><testcase classname="tests.test_guard_observability" name="test_dedup_counts_distinct_subcheck_sources" time="0.002" /><testcase classname="tests.test_guard_protocol_consumers" name="test_aggregate_accepts_guard_result_dict_warn" time="0.002" /><testcase classname="tests.test_guard_protocol_consumers" name="test_aggregate_accepts_guard_result_dict_fail" time="0.002" /><testcase classname="tests.test_guard_protocol_consumers" name="test_aggregate_drills_guards_raw_in_metrics" time="0.001" /><testcase classname="tests.test_guard_protocol_consumers" name="test_classify_warning_recognizes_new_finding_format" time="0.001" /><testcase classname="tests.test_guard_protocol_consumers" name="test_classify_warning_legacy_still_works" time="0.001" /><testcase classname="tests.test_guard_protocol_consumers" name="test_deduplicate_uses_subcheck_identity" time="0.001" /><testcase classname="tests.test_guard_protocol_consumers" name="test_source_guard_preserved_through_adapter" time="0.001" /><testcase classname="tests.test_guard_protocol_consumers" name="test_source_guard_empty_when_no_source" time="0.001" /><testcase classname="tests.test_guard_protocol_consumers" name="test_load_sub_finds_guards_raw_in_metrics" time="0.002" /><testcase classname="tests.test_guard_protocol_consumers" name="test_fts_health_import_path" time="0.001" /><testcase classname="tests.test_guard_protocol_consumers" name="test_coerce_legacy_idempotent_for_old_format" time="0.001" /><testcase classname="tests.test_guard_protocol_consumers" name="test_aggregate_handles_non_dict_report_payload" time="0.001" /><testcase classname="tests.test_guard_protocol_consumers" name="test_classify_warning_accepts_dialogue_quality_for_abstract_overuse" time="0.001" /><testcase classname="tests.test_guard_protocol_consumers" name="test_classify_warning_accepts_reader_engagement_for_over_explained" time="0.001" /><testcase classname="tests.test_guard_protocol_consumers" name="test_registry_supplies_perplexity_config_in_debug_mode" time="0.002" /><testcase classname="tests.test_hallucination_guard.TestHallucinationPass" name="test_clean_text_passes" time="0.001" /><testcase classname="tests.test_hallucination_guard.TestHallucinationPass" name="test_allowed_new_canon_passes" time="0.001" /><testcase classname="tests.test_hallucination_guard.TestHallucinationFail" name="test_realm_shift_blocked" time="0.001" /><testcase classname="tests.test_hallucination_guard.TestHallucinationFail" name="test_relation_shift_blocked" time="0.001" /><testcase classname="tests.test_hallucination_guard.TestHallucinationFail" name="test_unauthorized_canon_flagged" time="0.001" /><testcase classname="tests.test_hallucination_guard.TestHallucinationFail" name="test_forgotten_state_detected" time="0.002" /><testcase classname="tests.test_ingest_appearance" name="test_disjoint_names_match_str_count" time="0.001" /><testcase classname="tests.test_ingest_appearance" name="test_name_inside_longer_name_not_miscounted" time="0.001" /><testcase classname="tests.test_ingest_appearance" name="test_multiple_independent_appearances" time="0.001" /><testcase classname="tests.test_ingest_appearance" name="test_absent_character_is_zero" time="0.001" /><testcase classname="tests.test_ingest_appearance" name="test_empty_inputs_do_not_crash" time="0.001" /><testcase classname="tests.test_ingest_appearance" name="test_mode_b_single_char_collision_excluded" time="0.001" /><testcase classname="tests.test_ingest_appearance" name="test_mode_b_real_single_char_mentions_counted" time="0.001" /><testcase classname="tests.test_ingest_appearance" name="test_mode_b_single_char_object_after_function_word" time="0.001" /><testcase classname="tests.test_ingest_appearance" name="test_mode_b_single_char_punctuation_boundary" time="0.001" /><testcase classname="tests.test_ingest_appearance" name="test_mode_b_mixed_collision_and_real_mention" time="0.001" /><testcase classname="tests.test_ingest_title" name="test_underscore_filename" time="0.001" /><testcase classname="tests.test_ingest_title" name="test_filename_without_underscore" time="0.001" /><testcase classname="tests.test_ingest_title" name="test_content_title_overrides_filename" time="0.001" /><testcase classname="tests.test_ingest_title" name="test_content_title_with_chinese_numeral" time="0.001" /><testcase classname="tests.test_ingest_title" name="test_falls_back_to_stem_when_no_title" time="0.001" /><testcase classname="tests.test_ingest_title" name="test_padded_chapter_number_filename" time="0.001" /><testcase classname="tests.test_l2_aggregators_source_guard" name="test_l2_aggregator_preserves_source_guard[scene_grounding]" time="0.003" /><testcase classname="tests.test_l2_aggregators_source_guard" name="test_l2_aggregator_preserves_source_guard[narrative_rhythm]" time="0.005" /><testcase classname="tests.test_l2_aggregators_source_guard" name="test_l2_aggregator_preserves_source_guard[dialogue_quality]" time="0.002" /><testcase classname="tests.test_l2_aggregators_source_guard" name="test_l2_aggregator_preserves_source_guard[prose_authenticity]" time="0.005" /><testcase classname="tests.test_l2_aggregators_source_guard" name="test_l2_aggregator_preserves_source_guard[reader_engagement]" time="0.054" /><testcase classname="tests.test_l2_aggregators_source_guard" name="test_adapter_finding_guard_field_is_parent" time="0.003" /><testcase classname="tests.test_mental_state" name="test_guard_importable" time="0.001" /><testcase classname="tests.test_mental_state" name="test_guard_clean_pass" time="0.096" /><testcase classname="tests.test_mental_state" name="test_guard_overplay_warn" time="0.090" /><testcase classname="tests.test_mental_state" name="test_guard_overplay_block" time="0.091" /><testcase classname="tests.test_mental_state" name="test_guard_genre_elastic" time="0.182" /><testcase classname="tests.test_mental_state" name="test_guard_deviation" time="0.092" /><testcase classname="tests.test_mental_state" name="test_guard_ptsd_not_overblocked" time="0.091" /><testcase classname="tests.test_mental_state" name="test_psychology_categories" time="0.001" /><testcase classname="tests.test_mental_state" name="test_backward_compat_constant_alias" time="0.001" /><testcase classname="tests.test_mental_state" name="test_card_psychology_structure" time="0.001" /><testcase classname="tests.test_mental_state" name="test_psychology_empty_is_valid" time="0.001" /><testcase classname="tests.test_mental_state" name="test_presets_yaml_loadable" time="0.020" /><testcase classname="tests.test_mental_state" name="test_character_agent_import" time="0.001" /><testcase classname="tests.test_mental_state" name="test_character_agent_registered" time="0.001" /><testcase classname="tests.test_mental_state" name="test_crud_save_and_read" time="0.003" /><testcase classname="tests.test_mental_state" name="test_crud_legacy_dir_fallback" time="0.002" /><testcase classname="tests.test_mental_state" name="test_crud_backward_compat_api" time="0.003" /><testcase classname="tests.test_mental_state" name="test_crud_read_empty_for_nonexistent" time="0.003" /><testcase classname="tests.test_mental_state" name="test_crud_save_does_not_pollute_voice_card" time="0.003" /><testcase classname="tests.test_multi_register_voice_guard" name="test_protagonist_dialect_warning" time="0.002" /><testcase classname="tests.test_multi_register_voice_guard" name="test_protagonist_tech_english_pass" time="0.002" /><testcase classname="tests.test_multi_register_voice_guard" name="test_sidekick_normal_pass" time="0.002" /><testcase classname="tests.test_multi_register_voice_guard" name="test_villain_meme_warning" time="0.002" /><testcase classname="tests.test_multi_register_voice_guard" name="test_elder_ok_bro_warning" time="0.002" /><testcase classname="tests.test_multi_register_voice_guard" name="test_narration_pollution" time="0.002" /><testcase classname="tests.test_outline_persistence" name="test_outline_manager_uses_canonical_registry" time="0.002" /><testcase classname="tests.test_outline_persistence" name="test_outline_metadata_writes_are_atomic" time="0.003" /><testcase classname="tests.test_outline_persistence" name="test_outline_structure_counts_multiple_volumes_and_chapters" time="0.002" /><testcase classname="tests.test_padding_guard.TestPaddingPass" name="test_clean_content_passes" time="0.001" /><testcase classname="tests.test_padding_guard.TestPaddingPass" name="test_action_heavy_content_passes" time="0.001" /><testcase classname="tests.test_padding_guard.TestPaddingFail" name="test_repeated_explanation_raises_score" time="0.001" /><testcase classname="tests.test_padding_guard.TestPaddingFail" name="test_tail_padding_detected" time="0.001" /><testcase classname="tests.test_padding_guard.TestPaddingFail" name="test_empty_monologue_raises_score" time="0.001" /><testcase classname="tests.test_path_defaults" name="test_human_texture_config_helpers_resolve_repo_root" time="0.001" /><testcase classname="tests.test_path_defaults" name="test_vector_settings_use_centralized_defaults" time="0.001" /><testcase classname="tests.test_path_defaults" name="test_vector_settings_respect_overrides" time="0.001" /><testcase classname="tests.test_perplexity_quality_guard" name="test_count_chinese" time="0.001" /><testcase classname="tests.test_perplexity_quality_guard" name="test_split_paragraphs" time="0.001" /><testcase classname="tests.test_perplexity_quality_guard" name="test_split_sentences" time="0.001" /><testcase classname="tests.test_perplexity_quality_guard" name="test_char_ngram_counts" time="0.001" /><testcase classname="tests.test_perplexity_quality_guard" name="test_ngram_surprise_no_corpus" time="0.001" /><testcase classname="tests.test_perplexity_quality_guard" name="test_ngram_surprise_with_corpus" time="0.001" /><testcase classname="tests.test_perplexity_quality_guard" name="test_repeated_phrase_ratio" time="0.001" /><testcase classname="tests.test_perplexity_quality_guard" name="test_repeated_phrase_ratio_unique" time="0.001" /><testcase classname="tests.test_perplexity_quality_guard" name="test_sentence_length_stats" time="0.001" /><testcase classname="tests.test_perplexity_quality_guard" name="test_abstract_summary_ratio" time="0.001" /><testcase classname="tests.test_perplexity_quality_guard" name="test_concrete_anchor_ratio" time="0.001" /><testcase classname="tests.test_perplexity_quality_guard" name="test_dialogue_variation" time="0.001" /><testcase classname="tests.test_perplexity_quality_guard" name="test_rhythm_flatness" time="0.001" /><testcase classname="tests.test_perplexity_quality_guard" name="test_normal_text_generates_report" time="0.002" /><testcase classname="tests.test_perplexity_quality_guard" name="test_template_text_triggers_warning" time="0.002" /><testcase classname="tests.test_perplexity_quality_guard" name="test_short_text_does_not_crash" time="0.001" /><testcase classname="tests.test_perplexity_quality_guard" name="test_dialect_wenyan_does_not_hard_fail" time="0.001" /><testcase classname="tests.test_perplexity_quality_guard" name="test_no_baseline_still_runs" time="0.001" /><testcase classname="tests.test_perplexity_quality_guard" name="test_report_json_fields_complete" time="0.001" /><testcase classname="tests.test_perplexity_quality_guard" name="test_no_ai_rate_output" time="0.001" /><testcase classname="tests.test_perplexity_quality_guard" name="test_concrete_anchor_detected" time="0.002" /><testcase classname="tests.test_perplexity_quality_guard" name="test_empty_text_handled" time="0.001" /><testcase classname="tests.test_post_helpers" name="test_resolve_state_requires_pre_when_missing" time="0.002" /><testcase classname="tests.test_post_helpers" name="test_resolve_state_reads_existing" time="0.002" /><testcase classname="tests.test_post_helpers" name="test_resolve_state_raises_when_not_allowed" time="0.002" /><testcase classname="tests.test_post_helpers" name="test_resolve_genre_prefers_state" time="0.018" /><testcase classname="tests.test_post_helpers" name="test_resolve_genre_falls_back_to_db" time="0.019" /><testcase classname="tests.test_post_helpers" name="test_resolve_genre_empty_when_no_row" time="0.021" /><testcase classname="tests.test_post_helpers" name="test_load_prev_brief_missing_returns_defaults" time="0.002" /><testcase classname="tests.test_post_helpers" name="test_load_prev_brief_reads_ending_state" time="0.002" /><testcase classname="tests.test_post_helpers" name="test_word_count_pass_returns_content_and_count" time="0.001" /><testcase classname="tests.test_post_helpers" name="test_word_count_short_without_merge_raises" time="0.001" /><testcase classname="tests.test_post_pipeline.TestRunPostCharacterization" name="test_run_post_full_cycle" time="5.444" /><testcase classname="tests.test_post_pipeline.TestRunPostCharacterization" name="test_run_post_short_chapter_raises" time="5.270" /><testcase classname="tests.test_post_state_machine" name="test_post_requires_pre_state" time="0.002" /><testcase classname="tests.test_post_state_machine" name="test_post_rejects_wrong_chapter_type" time="0.002" /><testcase classname="tests.test_post_state_machine" name="test_merge_failure_restores_both_source_files" time="0.005" /><testcase classname="tests.test_pre_helpers" name="test_pre_load_genre_returns_value" time="0.001" /><testcase classname="tests.test_pre_helpers" name="test_pre_load_genre_empty_when_null" time="0.001" /><testcase classname="tests.test_pre_helpers" name="test_pre_load_genre_missing_row_returns_empty" time="0.001" /><testcase classname="tests.test_pre_helpers" name="test_pre_load_genre_swallows_sql_error_and_logs" time="0.001" /><testcase classname="tests.test_pre_helpers" name="test_pre_write_context_pack_writes_file_with_skeleton" time="0.002" /><testcase classname="tests.test_pre_helpers" name="test_pre_write_context_pack_no_skeleton_when_ch_plan_none" time="0.002" /><testcase classname="tests.test_pre_helpers" name="test_pre_print_constraints_maps_thresholds_and_pacing" time="0.001" /><testcase classname="tests.test_pre_helpers" name="test_pre_print_constraints_empty_preset_prints_nothing" time="0.001" /><testcase classname="tests.test_pre_helpers" name="test_run_pre_threads_app_project_root_to_loaders" time="0.003" /><testcase classname="tests.test_project_root_resolution" name="test_resolve_story_dir_honors_active_slot" time="0.002" /><testcase classname="tests.test_project_root_resolution" name="test_resolve_story_dir_wrong_root_misses_slot" time="0.002" /><testcase classname="tests.test_project_root_resolution" name="test_post_human_texture_passes_runtime_project_root" time="0.002" /><testcase classname="tests.test_punctuation_guard.TestPunctuationCounting" name="test_count_dashes_normal" time="0.002" /><testcase classname="tests.test_punctuation_guard.TestPunctuationCounting" name="test_count_single_dash" time="0.002" /><testcase classname="tests.test_punctuation_guard.TestPunctuationCounting" name="test_count_ellipsis" time="0.002" /><testcase classname="tests.test_punctuation_guard.TestPunctuationCounting" name="test_count_exclamation" time="0.002" /><testcase classname="tests.test_punctuation_guard.TestDashThresholds" name="test_dash_warning_threshold" time="0.002" /><testcase classname="tests.test_punctuation_guard.TestDashThresholds" name="test_dash_fail_threshold" time="0.002" /><testcase classname="tests.test_punctuation_guard.TestMultiDashInParagraph" name="test_same_paragraph_multi_dash" time="0.002" /><testcase classname="tests.test_punctuation_guard.TestMultiDashInParagraph" name="test_dialogue_drag_dash" time="0.002" /><testcase classname="tests.test_punctuation_guard.TestEdgeCases" name="test_empty_text" time="0.001" /><testcase classname="tests.test_punctuation_guard.TestEdgeCases" name="test_normal_text_pass" time="0.002" /><testcase classname="tests.test_punctuation_guard.TestEdgeCases" name="test_report_dir_respects_reports_root_config" time="0.003" /><testcase classname="tests.test_quality_gate_enforcement" name="test_guard_failure_is_blocking_and_never_fail_open" time="0.002" /><testcase classname="tests.test_quality_gate_enforcement" name="test_guard_crash_is_blocking" time="0.002" /><testcase classname="tests.test_rag_worldbuilding" name="test_index_worldbuilding_and_search" time="10.682" /><testcase classname="tests.test_relationship_isolation" name="test_hostile_relationships_are_scoped_to_novel" time="0.002" /><testcase classname="tests.test_relationship_isolation" name="test_task_card_relationships_are_scoped_to_novel" time="0.002" /><testcase classname="tests.test_revision_diff" name="test_small_edit_vs_full_rewrite_differ_in_char_ratio" time="0.002" /><testcase classname="tests.test_revision_diff" name="test_zero_quote_source_emits_no_dialogue_loss_flag" time="0.001" /><testcase classname="tests.test_revision_diff" name="test_quoted_source_losing_dialogue_flags" time="0.001" /><testcase classname="tests.test_revision_diff" name="test_recommendation_no_change" time="0.001" /><testcase classname="tests.test_revision_diff" name="test_recommendation_small_change_review_before_accept" time="0.001" /><testcase classname="tests.test_revision_diff" name="test_recommendation_full_rewrite_rejected_without_verification" time="0.001" /><testcase classname="tests.test_revision_diff_report" name="test_compute_diff_summary" time="0.001" /><testcase classname="tests.test_revision_diff_report" name="test_generate_diff_report" time="0.001" /><testcase classname="tests.test_revision_diff_report" name="test_recommendation_no_change_detected" time="0.001" /><testcase classname="tests.test_revision_diff_report" name="test_risk_flags_detect_quote_loss" time="0.001" /><testcase classname="tests.test_revision_diff_report" name="test_empty_reports_handled" time="0.001" /><testcase classname="tests.test_revision_task_generator" name="test_generates_tasks_from_report" time="0.001" /><testcase classname="tests.test_revision_task_generator" name="test_low_confidence_filtered" time="0.001" /><testcase classname="tests.test_revision_task_generator" name="test_empty_report" time="0.001" /><testcase classname="tests.test_revision_task_generator" name="test_tasks_have_required_fields" time="0.001" /><testcase classname="tests.test_revision_task_generator" name="test_max_tasks_limited" time="0.001" /><testcase classname="tests.test_revision_task_generator" name="test_dedup_label_maps_to_category_and_type" time="0.001" /><testcase classname="tests.test_revision_task_generator" name="test_unknown_label_falls_back_to_keyword_inference" time="0.001" /><testcase classname="tests.test_revision_task_generator" name="test_no_target_range_field" time="0.001" /><testcase classname="tests.test_rewrite_pipeline" name="test_run_rewrite_produces_card_and_tasks" time="0.050" /><testcase classname="tests.test_rewrite_pipeline" name="test_run_rewrite_emits_semantic_request" time="0.046" /><testcase classname="tests.test_rewrite_pipeline" name="test_run_rewrite_requires_dedup_report" time="0.044" /><testcase classname="tests.test_rewrite_pipeline" name="test_run_accept_diff_only" time="0.195" /><testcase classname="tests.test_rewrite_pipeline" name="test_run_accept_records_out_of_range_change" time="0.161" /><testcase classname="tests.test_rewrite_pipeline" name="test_run_accept_no_op_blocks_ingest" time="0.045" /><testcase classname="tests.test_rewrite_pipeline" name="test_run_accept_missing_revised" time="0.038" /><testcase classname="tests.test_rewrite_pipeline" name="test_run_accept_ingest_appends_snapshot_without_overwrite" time="0.256" /><testcase classname="tests.test_rewrite_pipeline" name="test_verify_resolved_when_revised_clean" time="0.002" /><testcase classname="tests.test_rewrite_pipeline" name="test_verify_persisted_when_issue_remains" time="0.002" /><testcase classname="tests.test_rewrite_pipeline" name="test_verify_regressed_when_new_category_appears" time="0.002" /><testcase classname="tests.test_rewrite_pipeline" name="test_verify_fail_open_on_exception" time="0.002" /><testcase classname="tests.test_rewrite_pipeline" name="test_run_accept_attaches_verification" time="0.048" /><testcase classname="tests.test_run_artifacts" name="test_each_operation_gets_a_unique_isolated_run_directory" time="0.002" /><testcase classname="tests.test_runtime_contracts" name="test_config_example_matches_default_loader" time="0.002" /><testcase classname="tests.test_runtime_contracts" name="test_init_db_applies_real_migrations" time="0.035" /><testcase classname="tests.test_runtime_contracts" name="test_legacy_cli_doctor" time="0.005" /><testcase classname="tests.test_runtime_project_isolation" name="test_context_rejects_slug_that_does_not_match_active_slot" time="0.003" /><testcase classname="tests.test_runtime_project_isolation" name="test_context_uses_matching_active_slot" time="0.003" /><testcase classname="tests.test_scene_causality_guard" name="test_detect_cause" time="0.001" /><testcase classname="tests.test_scene_causality_guard" name="test_detect_action" time="0.001" /><testcase classname="tests.test_scene_causality_guard" name="test_detect_resistance" time="0.001" /><testcase classname="tests.test_scene_causality_guard" name="test_detect_cost" time="0.001" /><testcase classname="tests.test_scene_causality_guard" name="test_detect_result" time="0.001" /><testcase classname="tests.test_scene_causality_guard" name="test_detect_hook" time="0.001" /><testcase classname="tests.test_scene_causality_guard" name="test_split_into_scenes" time="0.001" /><testcase classname="tests.test_scene_causality_guard" name="test_split_into_scenes_empty" time="0.001" /><testcase classname="tests.test_scene_causality_guard" name="test_analyze_scene" time="0.001" /><testcase classname="tests.test_scene_causality_guard" name="test_rich_scene_text_passes" time="0.002" /><testcase classname="tests.test_scene_causality_guard" name="test_flat_text_triggers_warning" time="0.001" /><testcase classname="tests.test_scene_causality_guard" name="test_short_text_does_not_crash" time="0.001" /><testcase classname="tests.test_scene_causality_guard" name="test_empty_text_handled" time="0.001" /><testcase classname="tests.test_scene_causality_guard" name="test_report_json_fields_complete" time="0.001" /><testcase classname="tests.test_scene_causality_guard" name="test_hard_fail_always_false" time="0.001" /><testcase classname="tests.test_scene_delta_guard.TestSceneDeltaPass" name="test_multi_scene_content_passes" time="0.001" /><testcase classname="tests.test_scene_delta_guard.TestSceneDeltaPass" name="test_conflict_scene_delta" time="0.001" /><testcase classname="tests.test_scene_delta_guard.TestSceneDeltaFail" name="test_monologue_only_low_delta" time="0.001" /><testcase classname="tests.test_scene_delta_guard.TestSceneDeltaFail" name="test_short_content_low_delta" time="0.001" /><testcase classname="tests.test_schema_init.TestSchemaInit" name="test_init_creates_db" time="0.031" /><testcase classname="tests.test_schema_init.TestSchemaInit" name="test_tables_exist" time="0.030" /><testcase classname="tests.test_schema_version" name="test_schema_version_reports_applied_migrations" time="0.002" /><testcase classname="tests.test_semantic_contract" name="test_contract_covers_four_dimensions" time="0.046" /><testcase classname="tests.test_semantic_contract" name="test_lexical_precheck_flags_removed_character" time="0.047" /><testcase classname="tests.test_semantic_contract" name="test_lexical_precheck_clean_when_anchors_kept" time="0.047" /><testcase classname="tests.test_semantic_contract" name="test_evaluate_with_llm_verdict_broken" time="0.044" /><testcase classname="tests.test_semantic_contract" name="test_evaluate_empty_contract_unavailable" time="0.001" /><testcase classname="tests.test_semantic_contract" name="test_build_contract_fail_open_on_missing_novel" time="0.031" /><testcase classname="tests.test_semantic_contract" name="test_write_review_request_emits_card_and_template" time="0.048" /><testcase classname="tests.test_semantic_contract" name="test_read_verdict_handles_missing_and_bad" time="0.002" /><testcase classname="tests.test_semantic_contract" name="test_run_accept_enforce_rejects_on_broken" time="0.049" /><testcase classname="tests.test_semantic_contract" name="test_run_accept_advisory_warns_but_allows" time="0.051" /><testcase classname="tests.test_show_dont_tell_guard" name="test_clean_text_passes" time="0.001" /><testcase classname="tests.test_show_dont_tell_guard" name="test_realization_detected" time="0.001" /><testcase classname="tests.test_show_dont_tell_guard" name="test_empty_crisis_detected" time="0.001" /><testcase classname="tests.test_show_dont_tell_guard" name="test_fate_gear_detected" time="0.001" /><testcase classname="tests.test_show_dont_tell_guard" name="test_action_expression_not_triggered" time="0.001" /><testcase classname="tests.test_show_dont_tell_guard" name="test_multiple_matches_warning" time="0.001" /><testcase classname="tests.test_skeleton_flow.TestSkeletonPre" name="test_pre_reads_volume_plan" time="5.222" /><testcase classname="tests.test_skeleton_flow.TestSkeletonPre" name="test_pre_reads_chapter_plan" time="8.984" /><testcase classname="tests.test_skeleton_flow.TestSkeletonPre" name="test_pre_chapter_no_skeleton" time="0.084" /><testcase classname="tests.test_skeleton_flow.TestVolumeSequenceCheck" name="test_volume_2_warns_when_volume_1_empty" time="0.084" /><testcase classname="tests.test_skeleton_flow.TestChapterPlansSync" name="test_ingest_updates_chapter_plans_status" time="0.110" /><testcase classname="tests.test_slot_delete_consolidation" name="test_delete_slot_default_routes_to_trash" time="0.071" /><testcase classname="tests.test_slot_delete_consolidation" name="test_delete_slot_force_is_permanent" time="0.069" /><testcase classname="tests.test_slot_delete_consolidation" name="test_delete_active_slot_protected" time="0.062" /><testcase classname="tests.test_slot_project_identity" name="test_new_slot_persists_project_slug" time="0.031" /><testcase classname="tests.test_slot_schema_heal" name="test_ensure_slot_schema_heals_missing_table_without_data_loss" time="0.073" /><testcase classname="tests.test_slot_schema_heal" name="test_ensure_db_schema_fastpath_noop_when_current" time="0.042" /><testcase classname="tests.test_slot_schema_heal" name="test_ensure_db_schema_missing_db_returns_false" time="0.003" /><testcase classname="tests.test_slot_schema_heal" name="test_ensure_tables_self_heals_partial_db" time="0.059" /><testcase classname="tests.test_story_utils" name="test_resolve_story_dir_prefers_active_slot_story" time="0.002" /><testcase classname="tests.test_story_utils" name="test_resolve_story_dir_falls_back_to_project_story" time="0.002" /><testcase classname="tests.test_style_variation_guard" name="test_split_sentences" time="0.001" /><testcase classname="tests.test_style_variation_guard" name="test_split_paragraphs" time="0.001" /><testcase classname="tests.test_style_variation_guard" name="test_count_chinese" time="0.001" /><testcase classname="tests.test_style_variation_guard" name="test_sentence_opening_repetition" time="0.001" /><testcase classname="tests.test_style_variation_guard" name="test_abstract_word_count" time="0.001" /><testcase classname="tests.test_style_variation_guard" name="test_transition_word_count" time="0.001" /><testcase classname="tests.test_style_variation_guard" name="test_normal_text_passes" time="0.001" /><testcase classname="tests.test_style_variation_guard" name="test_high_opening_repetition_warns" time="0.001" /><testcase classname="tests.test_style_variation_guard" name="test_many_abstract_words_warns" time="0.002" /><testcase classname="tests.test_style_variation_guard" name="test_many_transition_words_warns" time="0.002" /><testcase classname="tests.test_style_variation_guard" name="test_empty_text_handled" time="0.002" /><testcase classname="tests.test_style_variation_guard" name="test_report_json_fields_complete" time="0.001" /><testcase classname="tests.test_task_card_builder" name="test_get_chapter_plan_filters_by_volume_no" time="0.057" /><testcase classname="tests.test_task_card_builder" name="test_build_task_card_uses_requested_volume_plan" time="0.064" /><testcase classname="tests.test_voice_memory_schema" name="test_voice_tables_exist" time="0.032" /><testcase classname="tests.test_voice_memory_schema" name="test_migration_idempotent" time="0.034" /><testcase classname="tests.test_word_count_gate.TestChineseCount" name="test_pure_chinese" time="0.001" /><testcase classname="tests.test_word_count_gate.TestChineseCount" name="test_mixed" time="0.001" /><testcase classname="tests.test_word_count_gate.TestChineseCount" name="test_punctuation" time="0.001" /><testcase classname="tests.test_word_count_gate.TestWordCountGateV5" name="test_normal_below_min_fails" time="0.002" /><testcase classname="tests.test_word_count_gate.TestWordCountGateV5" name="test_normal_authorized_short_passes_when_allowed" time="0.002" /><testcase classname="tests.test_word_count_gate.TestWordCountGateV5" name="test_normal_too_short_still_fails_when_short_allowed" time="0.002" /><testcase classname="tests.test_word_count_gate.TestWordCountGateV5" name="test_normal_short_above_authorized_max_fails" time="0.002" /><testcase classname="tests.test_word_count_gate.TestWordCountGateV5" name="test_normal_short_fails_when_not_allowed" time="0.002" /><testcase classname="tests.test_word_count_gate.TestWordCountGateV5" name="test_normal_1900_passes" time="0.003" /><testcase classname="tests.test_word_count_gate.TestWordCountGateV5" name="test_normal_2400_ideal" time="0.002" /><testcase classname="tests.test_word_count_gate.TestWordCountGateV5" name="test_normal_3500_warns" time="0.003" /><testcase classname="tests.test_word_count_gate.TestWordCountGateV5" name="test_key_2000_passes" time="0.002" /><testcase classname="tests.test_word_count_gate.TestWordCountGateV5" name="test_climax_2300_passes" time="0.003" /><testcase classname="tests.test_word_count_gate.TestWordCountGateV5" name="test_climax_6000_oversize" time="0.004" /></testsuite></testsuites>