<?xml version="1.0" encoding="utf-8"?><testsuites name="pytest tests"><testsuite name="pytest" errors="0" failures="0" skipped="0" tests="5" time="0.074" timestamp="2026-07-20T07:04:55.563076+00:00" hostname="21378f24b656"><testcase classname="tests.recovery.test_backup_restore" name="test_backup_restore_rejects_tampered_member" time="0.007" /><testcase classname="tests.recovery.test_backup_restore" name="test_database_restore_requires_staging_target" time="0.003" /><testcase classname="tests.recovery.test_backup_restore" name="test_database_restore_runs_only_against_staging" time="0.003" /><testcase classname="tests.recovery.test_startup_health" name="test_startup_check_round_trips_blob_probe" time="0.001" /><testcase classname="tests.recovery.test_worker_restart" name="test_expired_lease_enters_recovery_and_releases_owner" time="0.000" /></testsuite></testsuites>